The system is: Linux - 3.10.0-1160.el7.x86_64 - x86_64
Compiling the C compiler identification source file "CMakeCCompilerId.c" succeeded.
Compiler: /share/app/gcc/gcc-11.4.0/bin/gcc -O2;-g;-fpermissive;-fPIC
Build flags: 
Id flags:  

The output was:
0
cc1: warning: command-line option ‘-fpermissive’ is valid for C++/ObjC++ but not for C


Compilation of the C compiler identification source "CMakeCCompilerId.c" produced "a.out"

The C compiler identification is GNU, found in "/share/home/mengxiangyu/lightdockc/build/CMakeFiles/3.17.1/CompilerIdC/a.out"

Compiling the CXX compiler identification source file "CMakeCXXCompilerId.cpp" succeeded.
Compiler: /share/app/gcc/gcc-11.4.0/bin/g++ -O2;-g;-fpermissive;-fPIC
Build flags: 
Id flags:  

The output was:
0


Compilation of the CXX compiler identification source "CMakeCXXCompilerId.cpp" produced "a.out"

The CXX compiler identification is GNU, found in "/share/home/mengxiangyu/lightdockc/build/CMakeFiles/3.17.1/CompilerIdCXX/a.out"

Determining if the C compiler works passed with the following output:
Change Dir: /share/home/mengxiangyu/lightdockc/build/CMakeFiles/CMakeTmp

Run Build Command(s):/usr/bin/gmake cmTC_ac8a7/fast && /usr/bin/gmake  -f CMakeFiles/cmTC_ac8a7.dir/build.make CMakeFiles/cmTC_ac8a7.dir/build
gmake[1]: Entering directory `/share/home/mengxiangyu/lightdockc/build/CMakeFiles/CMakeTmp'
Building C object CMakeFiles/cmTC_ac8a7.dir/testCCompiler.c.o
/share/app/gcc/gcc-11.4.0/bin/gcc  -O2  -g -fpermissive -fPIC    -o CMakeFiles/cmTC_ac8a7.dir/testCCompiler.c.o   -c /share/home/mengxiangyu/lightdockc/build/CMakeFiles/CMakeTmp/testCCompiler.c
cc1: warning: command-line option ‘-fpermissive’ is valid for C++/ObjC++ but not for C
Linking C executable cmTC_ac8a7
/share/home/mengxiangyu/cmake/bin/cmake -E cmake_link_script CMakeFiles/cmTC_ac8a7.dir/link.txt --verbose=1
/share/app/gcc/gcc-11.4.0/bin/gcc  -O2  -g -fpermissive -fPIC      CMakeFiles/cmTC_ac8a7.dir/testCCompiler.c.o  -o cmTC_ac8a7 
gmake[1]: Leaving directory `/share/home/mengxiangyu/lightdockc/build/CMakeFiles/CMakeTmp'



Detecting C compiler ABI info compiled with the following output:
Change Dir: /share/home/mengxiangyu/lightdockc/build/CMakeFiles/CMakeTmp

Run Build Command(s):/usr/bin/gmake cmTC_7e8b4/fast && /usr/bin/gmake  -f CMakeFiles/cmTC_7e8b4.dir/build.make CMakeFiles/cmTC_7e8b4.dir/build
gmake[1]: Entering directory `/share/home/mengxiangyu/lightdockc/build/CMakeFiles/CMakeTmp'
Building C object CMakeFiles/cmTC_7e8b4.dir/CMakeCCompilerABI.c.o
/share/app/gcc/gcc-11.4.0/bin/gcc  -O2  -g -fpermissive -fPIC   -v -o CMakeFiles/cmTC_7e8b4.dir/CMakeCCompilerABI.c.o   -c /share/home/mengxiangyu/cmake/share/cmake-3.17/Modules/CMakeCCompilerABI.c
Using built-in specs.
COLLECT_GCC=/share/app/gcc/gcc-11.4.0/bin/gcc
Target: x86_64-pc-linux-gnu
Configured with: ./configure --prefix=/share/app/gcc/gcc-11.4.0 --enable-languages=c,c++,fortran --disable-multilib
Thread model: posix
Supported LTO compression algorithms: zlib
gcc version 11.4.0 (GCC) 
COLLECT_GCC_OPTIONS='-O2' '-g' '-fpermissive' '-fPIC' '-v' '-o' 'CMakeFiles/cmTC_7e8b4.dir/CMakeCCompilerABI.c.o' '-c' '-mtune=generic' '-march=x86-64' '-dumpdir' 'CMakeFiles/cmTC_7e8b4.dir/'
 /share/app/gcc/gcc-11.4.0/libexec/gcc/x86_64-pc-linux-gnu/11.4.0/cc1 -quiet -v /share/home/mengxiangyu/cmake/share/cmake-3.17/Modules/CMakeCCompilerABI.c -quiet -dumpdir CMakeFiles/cmTC_7e8b4.dir/ -dumpbase CMakeCCompilerABI.c.c -dumpbase-ext .c -mtune=generic -march=x86-64 -g -O2 -version -fpermissive -fPIC -o /tmp/ccTvUOVr.s
cc1: warning: command-line option '-fpermissive' is valid for C++/ObjC++ but not for C
GNU C17 (GCC) version 11.4.0 (x86_64-pc-linux-gnu)
	compiled by GNU C version 11.4.0, GMP version 6.1.0, MPFR version 3.1.6, MPC version 1.0.3, isl version isl-0.18-GMP

GGC heuristics: --param ggc-min-expand=100 --param ggc-min-heapsize=131072
ignoring nonexistent directory "/share/app/gcc/gcc-11.4.0/lib/gcc/x86_64-pc-linux-gnu/11.4.0/../../../../x86_64-pc-linux-gnu/include"
#include "..." search starts here:
#include <...> search starts here:
 /share/app/gcc/gcc-11.4.0/lib/gcc/x86_64-pc-linux-gnu/11.4.0/include
 /usr/local/include
 /share/app/gcc/gcc-11.4.0/include
 /share/app/gcc/gcc-11.4.0/lib/gcc/x86_64-pc-linux-gnu/11.4.0/include-fixed
 /usr/include
End of search list.
GNU C17 (GCC) version 11.4.0 (x86_64-pc-linux-gnu)
	compiled by GNU C version 11.4.0, GMP version 6.1.0, MPFR version 3.1.6, MPC version 1.0.3, isl version isl-0.18-GMP

GGC heuristics: --param ggc-min-expand=100 --param ggc-min-heapsize=131072
Compiler executable checksum: 7291c4b5731c2b89dbb852faa4431faf
COLLECT_GCC_OPTIONS='-O2' '-g' '-fpermissive' '-fPIC' '-v' '-o' 'CMakeFiles/cmTC_7e8b4.dir/CMakeCCompilerABI.c.o' '-c' '-mtune=generic' '-march=x86-64' '-dumpdir' 'CMakeFiles/cmTC_7e8b4.dir/'
 as -v --64 -o CMakeFiles/cmTC_7e8b4.dir/CMakeCCompilerABI.c.o /tmp/ccTvUOVr.s
GNU assembler version 2.27 (x86_64-redhat-linux) using BFD version version 2.27-44.base.el7
COMPILER_PATH=/share/app/gcc/gcc-11.4.0/libexec/gcc/x86_64-pc-linux-gnu/11.4.0/:/share/app/gcc/gcc-11.4.0/libexec/gcc/x86_64-pc-linux-gnu/11.4.0/:/share/app/gcc/gcc-11.4.0/libexec/gcc/x86_64-pc-linux-gnu/:/share/app/gcc/gcc-11.4.0/lib/gcc/x86_64-pc-linux-gnu/11.4.0/:/share/app/gcc/gcc-11.4.0/lib/gcc/x86_64-pc-linux-gnu/
LIBRARY_PATH=/share/app/gcc/gcc-11.4.0/lib/gcc/x86_64-pc-linux-gnu/11.4.0/:/share/app/gcc/gcc-11.4.0/lib/gcc/x86_64-pc-linux-gnu/11.4.0/../../../../lib64/:/lib/../lib64/:/usr/lib/../lib64/:/share/app/gcc/gcc-11.4.0/lib/gcc/x86_64-pc-linux-gnu/11.4.0/../../../:/lib/:/usr/lib/
COLLECT_GCC_OPTIONS='-O2' '-g' '-fpermissive' '-fPIC' '-v' '-o' 'CMakeFiles/cmTC_7e8b4.dir/CMakeCCompilerABI.c.o' '-c' '-mtune=generic' '-march=x86-64' '-dumpdir' 'CMakeFiles/cmTC_7e8b4.dir/CMakeCCompilerABI.c.'
Linking C executable cmTC_7e8b4
/share/home/mengxiangyu/cmake/bin/cmake -E cmake_link_script CMakeFiles/cmTC_7e8b4.dir/link.txt --verbose=1
/share/app/gcc/gcc-11.4.0/bin/gcc  -O2  -g -fpermissive -fPIC     -v CMakeFiles/cmTC_7e8b4.dir/CMakeCCompilerABI.c.o  -o cmTC_7e8b4 
Using built-in specs.
COLLECT_GCC=/share/app/gcc/gcc-11.4.0/bin/gcc
COLLECT_LTO_WRAPPER=/share/app/gcc/gcc-11.4.0/libexec/gcc/x86_64-pc-linux-gnu/11.4.0/lto-wrapper
Target: x86_64-pc-linux-gnu
Configured with: ./configure --prefix=/share/app/gcc/gcc-11.4.0 --enable-languages=c,c++,fortran --disable-multilib
Thread model: posix
Supported LTO compression algorithms: zlib
gcc version 11.4.0 (GCC) 
COMPILER_PATH=/share/app/gcc/gcc-11.4.0/libexec/gcc/x86_64-pc-linux-gnu/11.4.0/:/share/app/gcc/gcc-11.4.0/libexec/gcc/x86_64-pc-linux-gnu/11.4.0/:/share/app/gcc/gcc-11.4.0/libexec/gcc/x86_64-pc-linux-gnu/:/share/app/gcc/gcc-11.4.0/lib/gcc/x86_64-pc-linux-gnu/11.4.0/:/share/app/gcc/gcc-11.4.0/lib/gcc/x86_64-pc-linux-gnu/
LIBRARY_PATH=/share/app/gcc/gcc-11.4.0/lib/gcc/x86_64-pc-linux-gnu/11.4.0/:/share/app/gcc/gcc-11.4.0/lib/gcc/x86_64-pc-linux-gnu/11.4.0/../../../../lib64/:/lib/../lib64/:/usr/lib/../lib64/:/share/app/gcc/gcc-11.4.0/lib/gcc/x86_64-pc-linux-gnu/11.4.0/../../../:/lib/:/usr/lib/
COLLECT_GCC_OPTIONS='-O2' '-g' '-fpermissive' '-fPIC' '-v' '-o' 'cmTC_7e8b4' '-mtune=generic' '-march=x86-64' '-dumpdir' 'cmTC_7e8b4.'
 /share/app/gcc/gcc-11.4.0/libexec/gcc/x86_64-pc-linux-gnu/11.4.0/collect2 -plugin /share/app/gcc/gcc-11.4.0/libexec/gcc/x86_64-pc-linux-gnu/11.4.0/liblto_plugin.so -plugin-opt=/share/app/gcc/gcc-11.4.0/libexec/gcc/x86_64-pc-linux-gnu/11.4.0/lto-wrapper -plugin-opt=-fresolution=/tmp/ccGkbSPv.res -plugin-opt=-pass-through=-lgcc -plugin-opt=-pass-through=-lgcc_s -plugin-opt=-pass-through=-lc -plugin-opt=-pass-through=-lgcc -plugin-opt=-pass-through=-lgcc_s --eh-frame-hdr -m elf_x86_64 -dynamic-linker /lib64/ld-linux-x86-64.so.2 -o cmTC_7e8b4 /lib/../lib64/crt1.o /lib/../lib64/crti.o /share/app/gcc/gcc-11.4.0/lib/gcc/x86_64-pc-linux-gnu/11.4.0/crtbegin.o -L/share/app/gcc/gcc-11.4.0/lib/gcc/x86_64-pc-linux-gnu/11.4.0 -L/share/app/gcc/gcc-11.4.0/lib/gcc/x86_64-pc-linux-gnu/11.4.0/../../../../lib64 -L/lib/../lib64 -L/usr/lib/../lib64 -L/share/app/gcc/gcc-11.4.0/lib/gcc/x86_64-pc-linux-gnu/11.4.0/../../.. CMakeFiles/cmTC_7e8b4.dir/CMakeCCompilerABI.c.o -lgcc --as-needed -lgcc_s --no-as-needed -lc -lgcc --as-needed -lgcc_s --no-as-needed /share/app/gcc/gcc-11.4.0/lib/gcc/x86_64-pc-linux-gnu/11.4.0/crtend.o /lib/../lib64/crtn.o
COLLECT_GCC_OPTIONS='-O2' '-g' '-fpermissive' '-fPIC' '-v' '-o' 'cmTC_7e8b4' '-mtune=generic' '-march=x86-64' '-dumpdir' 'cmTC_7e8b4.'
gmake[1]: Leaving directory `/share/home/mengxiangyu/lightdockc/build/CMakeFiles/CMakeTmp'



Parsed C implicit include dir info from above output: rv=done
  found start of include info
  found start of implicit include info
    add: [/share/app/gcc/gcc-11.4.0/lib/gcc/x86_64-pc-linux-gnu/11.4.0/include]
    add: [/usr/local/include]
    add: [/share/app/gcc/gcc-11.4.0/include]
    add: [/share/app/gcc/gcc-11.4.0/lib/gcc/x86_64-pc-linux-gnu/11.4.0/include-fixed]
    add: [/usr/include]
  end of search list found
  collapse include dir [/share/app/gcc/gcc-11.4.0/lib/gcc/x86_64-pc-linux-gnu/11.4.0/include] ==> [/share/app/gcc/gcc-11.4.0/lib/gcc/x86_64-pc-linux-gnu/11.4.0/include]
  collapse include dir [/usr/local/include] ==> [/usr/local/include]
  collapse include dir [/share/app/gcc/gcc-11.4.0/include] ==> [/share/app/gcc/gcc-11.4.0/include]
  collapse include dir [/share/app/gcc/gcc-11.4.0/lib/gcc/x86_64-pc-linux-gnu/11.4.0/include-fixed] ==> [/share/app/gcc/gcc-11.4.0/lib/gcc/x86_64-pc-linux-gnu/11.4.0/include-fixed]
  collapse include dir [/usr/include] ==> [/usr/include]
  implicit include dirs: [/share/app/gcc/gcc-11.4.0/lib/gcc/x86_64-pc-linux-gnu/11.4.0/include;/usr/local/include;/share/app/gcc/gcc-11.4.0/include;/share/app/gcc/gcc-11.4.0/lib/gcc/x86_64-pc-linux-gnu/11.4.0/include-fixed;/usr/include]


Parsed C implicit link information from above output:
  link line regex: [^( *|.*[/\])(ld|CMAKE_LINK_STARTFILE-NOTFOUND|([^/\]+-)?ld|collect2)[^/\]*( |$)]
  ignore line: [Change Dir: /share/home/mengxiangyu/lightdockc/build/CMakeFiles/CMakeTmp]
  ignore line: []
  ignore line: [Run Build Command(s):/usr/bin/gmake cmTC_7e8b4/fast && /usr/bin/gmake  -f CMakeFiles/cmTC_7e8b4.dir/build.make CMakeFiles/cmTC_7e8b4.dir/build]
  ignore line: [gmake[1]: Entering directory `/share/home/mengxiangyu/lightdockc/build/CMakeFiles/CMakeTmp']
  ignore line: [Building C object CMakeFiles/cmTC_7e8b4.dir/CMakeCCompilerABI.c.o]
  ignore line: [/share/app/gcc/gcc-11.4.0/bin/gcc  -O2  -g -fpermissive -fPIC   -v -o CMakeFiles/cmTC_7e8b4.dir/CMakeCCompilerABI.c.o   -c /share/home/mengxiangyu/cmake/share/cmake-3.17/Modules/CMakeCCompilerABI.c]
  ignore line: [Using built-in specs.]
  ignore line: [COLLECT_GCC=/share/app/gcc/gcc-11.4.0/bin/gcc]
  ignore line: [Target: x86_64-pc-linux-gnu]
  ignore line: [Configured with: ./configure --prefix=/share/app/gcc/gcc-11.4.0 --enable-languages=c c++ fortran --disable-multilib]
  ignore line: [Thread model: posix]
  ignore line: [Supported LTO compression algorithms: zlib]
  ignore line: [gcc version 11.4.0 (GCC) ]
  ignore line: [COLLECT_GCC_OPTIONS='-O2' '-g' '-fpermissive' '-fPIC' '-v' '-o' 'CMakeFiles/cmTC_7e8b4.dir/CMakeCCompilerABI.c.o' '-c' '-mtune=generic' '-march=x86-64' '-dumpdir' 'CMakeFiles/cmTC_7e8b4.dir/']
  ignore line: [ /share/app/gcc/gcc-11.4.0/libexec/gcc/x86_64-pc-linux-gnu/11.4.0/cc1 -quiet -v /share/home/mengxiangyu/cmake/share/cmake-3.17/Modules/CMakeCCompilerABI.c -quiet -dumpdir CMakeFiles/cmTC_7e8b4.dir/ -dumpbase CMakeCCompilerABI.c.c -dumpbase-ext .c -mtune=generic -march=x86-64 -g -O2 -version -fpermissive -fPIC -o /tmp/ccTvUOVr.s]
  ignore line: [cc1: warning: command-line option '-fpermissive' is valid for C++/ObjC++ but not for C]
  ignore line: [GNU C17 (GCC) version 11.4.0 (x86_64-pc-linux-gnu)]
  ignore line: [	compiled by GNU C version 11.4.0  GMP version 6.1.0  MPFR version 3.1.6  MPC version 1.0.3  isl version isl-0.18-GMP]
  ignore line: []
  ignore line: [GGC heuristics: --param ggc-min-expand=100 --param ggc-min-heapsize=131072]
  ignore line: [ignoring nonexistent directory "/share/app/gcc/gcc-11.4.0/lib/gcc/x86_64-pc-linux-gnu/11.4.0/../../../../x86_64-pc-linux-gnu/include"]
  ignore line: [#include "..." search starts here:]
  ignore line: [#include <...> search starts here:]
  ignore line: [ /share/app/gcc/gcc-11.4.0/lib/gcc/x86_64-pc-linux-gnu/11.4.0/include]
  ignore line: [ /usr/local/include]
  ignore line: [ /share/app/gcc/gcc-11.4.0/include]
  ignore line: [ /share/app/gcc/gcc-11.4.0/lib/gcc/x86_64-pc-linux-gnu/11.4.0/include-fixed]
  ignore line: [ /usr/include]
  ignore line: [End of search list.]
  ignore line: [GNU C17 (GCC) version 11.4.0 (x86_64-pc-linux-gnu)]
  ignore line: [	compiled by GNU C version 11.4.0  GMP version 6.1.0  MPFR version 3.1.6  MPC version 1.0.3  isl version isl-0.18-GMP]
  ignore line: []
  ignore line: [GGC heuristics: --param ggc-min-expand=100 --param ggc-min-heapsize=131072]
  ignore line: [Compiler executable checksum: 7291c4b5731c2b89dbb852faa4431faf]
  ignore line: [COLLECT_GCC_OPTIONS='-O2' '-g' '-fpermissive' '-fPIC' '-v' '-o' 'CMakeFiles/cmTC_7e8b4.dir/CMakeCCompilerABI.c.o' '-c' '-mtune=generic' '-march=x86-64' '-dumpdir' 'CMakeFiles/cmTC_7e8b4.dir/']
  ignore line: [ as -v --64 -o CMakeFiles/cmTC_7e8b4.dir/CMakeCCompilerABI.c.o /tmp/ccTvUOVr.s]
  ignore line: [GNU assembler version 2.27 (x86_64-redhat-linux) using BFD version version 2.27-44.base.el7]
  ignore line: [COMPILER_PATH=/share/app/gcc/gcc-11.4.0/libexec/gcc/x86_64-pc-linux-gnu/11.4.0/:/share/app/gcc/gcc-11.4.0/libexec/gcc/x86_64-pc-linux-gnu/11.4.0/:/share/app/gcc/gcc-11.4.0/libexec/gcc/x86_64-pc-linux-gnu/:/share/app/gcc/gcc-11.4.0/lib/gcc/x86_64-pc-linux-gnu/11.4.0/:/share/app/gcc/gcc-11.4.0/lib/gcc/x86_64-pc-linux-gnu/]
  ignore line: [LIBRARY_PATH=/share/app/gcc/gcc-11.4.0/lib/gcc/x86_64-pc-linux-gnu/11.4.0/:/share/app/gcc/gcc-11.4.0/lib/gcc/x86_64-pc-linux-gnu/11.4.0/../../../../lib64/:/lib/../lib64/:/usr/lib/../lib64/:/share/app/gcc/gcc-11.4.0/lib/gcc/x86_64-pc-linux-gnu/11.4.0/../../../:/lib/:/usr/lib/]
  ignore line: [COLLECT_GCC_OPTIONS='-O2' '-g' '-fpermissive' '-fPIC' '-v' '-o' 'CMakeFiles/cmTC_7e8b4.dir/CMakeCCompilerABI.c.o' '-c' '-mtune=generic' '-march=x86-64' '-dumpdir' 'CMakeFiles/cmTC_7e8b4.dir/CMakeCCompilerABI.c.']
  ignore line: [Linking C executable cmTC_7e8b4]
  ignore line: [/share/home/mengxiangyu/cmake/bin/cmake -E cmake_link_script CMakeFiles/cmTC_7e8b4.dir/link.txt --verbose=1]
  ignore line: [/share/app/gcc/gcc-11.4.0/bin/gcc  -O2  -g -fpermissive -fPIC     -v CMakeFiles/cmTC_7e8b4.dir/CMakeCCompilerABI.c.o  -o cmTC_7e8b4 ]
  ignore line: [Using built-in specs.]
  ignore line: [COLLECT_GCC=/share/app/gcc/gcc-11.4.0/bin/gcc]
  ignore line: [COLLECT_LTO_WRAPPER=/share/app/gcc/gcc-11.4.0/libexec/gcc/x86_64-pc-linux-gnu/11.4.0/lto-wrapper]
  ignore line: [Target: x86_64-pc-linux-gnu]
  ignore line: [Configured with: ./configure --prefix=/share/app/gcc/gcc-11.4.0 --enable-languages=c c++ fortran --disable-multilib]
  ignore line: [Thread model: posix]
  ignore line: [Supported LTO compression algorithms: zlib]
  ignore line: [gcc version 11.4.0 (GCC) ]
  ignore line: [COMPILER_PATH=/share/app/gcc/gcc-11.4.0/libexec/gcc/x86_64-pc-linux-gnu/11.4.0/:/share/app/gcc/gcc-11.4.0/libexec/gcc/x86_64-pc-linux-gnu/11.4.0/:/share/app/gcc/gcc-11.4.0/libexec/gcc/x86_64-pc-linux-gnu/:/share/app/gcc/gcc-11.4.0/lib/gcc/x86_64-pc-linux-gnu/11.4.0/:/share/app/gcc/gcc-11.4.0/lib/gcc/x86_64-pc-linux-gnu/]
  ignore line: [LIBRARY_PATH=/share/app/gcc/gcc-11.4.0/lib/gcc/x86_64-pc-linux-gnu/11.4.0/:/share/app/gcc/gcc-11.4.0/lib/gcc/x86_64-pc-linux-gnu/11.4.0/../../../../lib64/:/lib/../lib64/:/usr/lib/../lib64/:/share/app/gcc/gcc-11.4.0/lib/gcc/x86_64-pc-linux-gnu/11.4.0/../../../:/lib/:/usr/lib/]
  ignore line: [COLLECT_GCC_OPTIONS='-O2' '-g' '-fpermissive' '-fPIC' '-v' '-o' 'cmTC_7e8b4' '-mtune=generic' '-march=x86-64' '-dumpdir' 'cmTC_7e8b4.']
  link line: [ /share/app/gcc/gcc-11.4.0/libexec/gcc/x86_64-pc-linux-gnu/11.4.0/collect2 -plugin /share/app/gcc/gcc-11.4.0/libexec/gcc/x86_64-pc-linux-gnu/11.4.0/liblto_plugin.so -plugin-opt=/share/app/gcc/gcc-11.4.0/libexec/gcc/x86_64-pc-linux-gnu/11.4.0/lto-wrapper -plugin-opt=-fresolution=/tmp/ccGkbSPv.res -plugin-opt=-pass-through=-lgcc -plugin-opt=-pass-through=-lgcc_s -plugin-opt=-pass-through=-lc -plugin-opt=-pass-through=-lgcc -plugin-opt=-pass-through=-lgcc_s --eh-frame-hdr -m elf_x86_64 -dynamic-linker /lib64/ld-linux-x86-64.so.2 -o cmTC_7e8b4 /lib/../lib64/crt1.o /lib/../lib64/crti.o /share/app/gcc/gcc-11.4.0/lib/gcc/x86_64-pc-linux-gnu/11.4.0/crtbegin.o -L/share/app/gcc/gcc-11.4.0/lib/gcc/x86_64-pc-linux-gnu/11.4.0 -L/share/app/gcc/gcc-11.4.0/lib/gcc/x86_64-pc-linux-gnu/11.4.0/../../../../lib64 -L/lib/../lib64 -L/usr/lib/../lib64 -L/share/app/gcc/gcc-11.4.0/lib/gcc/x86_64-pc-linux-gnu/11.4.0/../../.. CMakeFiles/cmTC_7e8b4.dir/CMakeCCompilerABI.c.o -lgcc --as-needed -lgcc_s --no-as-needed -lc -lgcc --as-needed -lgcc_s --no-as-needed /share/app/gcc/gcc-11.4.0/lib/gcc/x86_64-pc-linux-gnu/11.4.0/crtend.o /lib/../lib64/crtn.o]
    arg [/share/app/gcc/gcc-11.4.0/libexec/gcc/x86_64-pc-linux-gnu/11.4.0/collect2] ==> ignore
    arg [-plugin] ==> ignore
    arg [/share/app/gcc/gcc-11.4.0/libexec/gcc/x86_64-pc-linux-gnu/11.4.0/liblto_plugin.so] ==> ignore
    arg [-plugin-opt=/share/app/gcc/gcc-11.4.0/libexec/gcc/x86_64-pc-linux-gnu/11.4.0/lto-wrapper] ==> ignore
    arg [-plugin-opt=-fresolution=/tmp/ccGkbSPv.res] ==> ignore
    arg [-plugin-opt=-pass-through=-lgcc] ==> ignore
    arg [-plugin-opt=-pass-through=-lgcc_s] ==> ignore
    arg [-plugin-opt=-pass-through=-lc] ==> ignore
    arg [-plugin-opt=-pass-through=-lgcc] ==> ignore
    arg [-plugin-opt=-pass-through=-lgcc_s] ==> ignore
    arg [--eh-frame-hdr] ==> ignore
    arg [-m] ==> ignore
    arg [elf_x86_64] ==> ignore
    arg [-dynamic-linker] ==> ignore
    arg [/lib64/ld-linux-x86-64.so.2] ==> ignore
    arg [-o] ==> ignore
    arg [cmTC_7e8b4] ==> ignore
    arg [/lib/../lib64/crt1.o] ==> ignore
    arg [/lib/../lib64/crti.o] ==> ignore
    arg [/share/app/gcc/gcc-11.4.0/lib/gcc/x86_64-pc-linux-gnu/11.4.0/crtbegin.o] ==> ignore
    arg [-L/share/app/gcc/gcc-11.4.0/lib/gcc/x86_64-pc-linux-gnu/11.4.0] ==> dir [/share/app/gcc/gcc-11.4.0/lib/gcc/x86_64-pc-linux-gnu/11.4.0]
    arg [-L/share/app/gcc/gcc-11.4.0/lib/gcc/x86_64-pc-linux-gnu/11.4.0/../../../../lib64] ==> dir [/share/app/gcc/gcc-11.4.0/lib/gcc/x86_64-pc-linux-gnu/11.4.0/../../../../lib64]
    arg [-L/lib/../lib64] ==> dir [/lib/../lib64]
    arg [-L/usr/lib/../lib64] ==> dir [/usr/lib/../lib64]
    arg [-L/share/app/gcc/gcc-11.4.0/lib/gcc/x86_64-pc-linux-gnu/11.4.0/../../..] ==> dir [/share/app/gcc/gcc-11.4.0/lib/gcc/x86_64-pc-linux-gnu/11.4.0/../../..]
    arg [CMakeFiles/cmTC_7e8b4.dir/CMakeCCompilerABI.c.o] ==> ignore
    arg [-lgcc] ==> lib [gcc]
    arg [--as-needed] ==> ignore
    arg [-lgcc_s] ==> lib [gcc_s]
    arg [--no-as-needed] ==> ignore
    arg [-lc] ==> lib [c]
    arg [-lgcc] ==> lib [gcc]
    arg [--as-needed] ==> ignore
    arg [-lgcc_s] ==> lib [gcc_s]
    arg [--no-as-needed] ==> ignore
    arg [/share/app/gcc/gcc-11.4.0/lib/gcc/x86_64-pc-linux-gnu/11.4.0/crtend.o] ==> ignore
    arg [/lib/../lib64/crtn.o] ==> ignore
  collapse library dir [/share/app/gcc/gcc-11.4.0/lib/gcc/x86_64-pc-linux-gnu/11.4.0] ==> [/share/app/gcc/gcc-11.4.0/lib/gcc/x86_64-pc-linux-gnu/11.4.0]
  collapse library dir [/share/app/gcc/gcc-11.4.0/lib/gcc/x86_64-pc-linux-gnu/11.4.0/../../../../lib64] ==> [/share/app/gcc/gcc-11.4.0/lib64]
  collapse library dir [/lib/../lib64] ==> [/lib64]
  collapse library dir [/usr/lib/../lib64] ==> [/usr/lib64]
  collapse library dir [/share/app/gcc/gcc-11.4.0/lib/gcc/x86_64-pc-linux-gnu/11.4.0/../../..] ==> [/share/app/gcc/gcc-11.4.0/lib]
  implicit libs: [gcc;gcc_s;c;gcc;gcc_s]
  implicit dirs: [/share/app/gcc/gcc-11.4.0/lib/gcc/x86_64-pc-linux-gnu/11.4.0;/share/app/gcc/gcc-11.4.0/lib64;/lib64;/usr/lib64;/share/app/gcc/gcc-11.4.0/lib]
  implicit fwks: []


Determining if the CXX compiler works passed with the following output:
Change Dir: /share/home/mengxiangyu/lightdockc/build/CMakeFiles/CMakeTmp

Run Build Command(s):/usr/bin/gmake cmTC_16e5a/fast && /usr/bin/gmake  -f CMakeFiles/cmTC_16e5a.dir/build.make CMakeFiles/cmTC_16e5a.dir/build
gmake[1]: Entering directory `/share/home/mengxiangyu/lightdockc/build/CMakeFiles/CMakeTmp'
Building CXX object CMakeFiles/cmTC_16e5a.dir/testCXXCompiler.cxx.o
/share/app/gcc/gcc-11.4.0/bin/g++  -O2  -g -fpermissive -fPIC     -o CMakeFiles/cmTC_16e5a.dir/testCXXCompiler.cxx.o -c /share/home/mengxiangyu/lightdockc/build/CMakeFiles/CMakeTmp/testCXXCompiler.cxx
Linking CXX executable cmTC_16e5a
/share/home/mengxiangyu/cmake/bin/cmake -E cmake_link_script CMakeFiles/cmTC_16e5a.dir/link.txt --verbose=1
/share/app/gcc/gcc-11.4.0/bin/g++  -O2  -g -fpermissive -fPIC       CMakeFiles/cmTC_16e5a.dir/testCXXCompiler.cxx.o  -o cmTC_16e5a 
gmake[1]: Leaving directory `/share/home/mengxiangyu/lightdockc/build/CMakeFiles/CMakeTmp'



Detecting CXX compiler ABI info compiled with the following output:
Change Dir: /share/home/mengxiangyu/lightdockc/build/CMakeFiles/CMakeTmp

Run Build Command(s):/usr/bin/gmake cmTC_045eb/fast && /usr/bin/gmake  -f CMakeFiles/cmTC_045eb.dir/build.make CMakeFiles/cmTC_045eb.dir/build
gmake[1]: Entering directory `/share/home/mengxiangyu/lightdockc/build/CMakeFiles/CMakeTmp'
Building CXX object CMakeFiles/cmTC_045eb.dir/CMakeCXXCompilerABI.cpp.o
/share/app/gcc/gcc-11.4.0/bin/g++  -O2  -g -fpermissive -fPIC    -v -o CMakeFiles/cmTC_045eb.dir/CMakeCXXCompilerABI.cpp.o -c /share/home/mengxiangyu/cmake/share/cmake-3.17/Modules/CMakeCXXCompilerABI.cpp
Using built-in specs.
COLLECT_GCC=/share/app/gcc/gcc-11.4.0/bin/g++
Target: x86_64-pc-linux-gnu
Configured with: ./configure --prefix=/share/app/gcc/gcc-11.4.0 --enable-languages=c,c++,fortran --disable-multilib
Thread model: posix
Supported LTO compression algorithms: zlib
gcc version 11.4.0 (GCC) 
COLLECT_GCC_OPTIONS='-O2' '-g' '-fpermissive' '-fPIC' '-v' '-o' 'CMakeFiles/cmTC_045eb.dir/CMakeCXXCompilerABI.cpp.o' '-c' '-shared-libgcc' '-mtune=generic' '-march=x86-64' '-dumpdir' 'CMakeFiles/cmTC_045eb.dir/'
 /share/app/gcc/gcc-11.4.0/libexec/gcc/x86_64-pc-linux-gnu/11.4.0/cc1plus -quiet -v -D_GNU_SOURCE /share/home/mengxiangyu/cmake/share/cmake-3.17/Modules/CMakeCXXCompilerABI.cpp -quiet -dumpdir CMakeFiles/cmTC_045eb.dir/ -dumpbase CMakeCXXCompilerABI.cpp.cpp -dumpbase-ext .cpp -mtune=generic -march=x86-64 -g -O2 -version -fpermissive -fPIC -o /tmp/cck0NqmR.s
GNU C++17 (GCC) version 11.4.0 (x86_64-pc-linux-gnu)
	compiled by GNU C version 11.4.0, GMP version 6.1.0, MPFR version 3.1.6, MPC version 1.0.3, isl version isl-0.18-GMP

GGC heuristics: --param ggc-min-expand=100 --param ggc-min-heapsize=131072
ignoring nonexistent directory "/share/app/gcc/gcc-11.4.0/lib/gcc/x86_64-pc-linux-gnu/11.4.0/../../../../x86_64-pc-linux-gnu/include"
#include "..." search starts here:
#include <...> search starts here:
 /share/app/gcc/gcc-11.4.0/lib/gcc/x86_64-pc-linux-gnu/11.4.0/../../../../include/c++/11.4.0
 /share/app/gcc/gcc-11.4.0/lib/gcc/x86_64-pc-linux-gnu/11.4.0/../../../../include/c++/11.4.0/x86_64-pc-linux-gnu
 /share/app/gcc/gcc-11.4.0/lib/gcc/x86_64-pc-linux-gnu/11.4.0/../../../../include/c++/11.4.0/backward
 /share/app/gcc/gcc-11.4.0/lib/gcc/x86_64-pc-linux-gnu/11.4.0/include
 /usr/local/include
 /share/app/gcc/gcc-11.4.0/include
 /share/app/gcc/gcc-11.4.0/lib/gcc/x86_64-pc-linux-gnu/11.4.0/include-fixed
 /usr/include
End of search list.
GNU C++17 (GCC) version 11.4.0 (x86_64-pc-linux-gnu)
	compiled by GNU C version 11.4.0, GMP version 6.1.0, MPFR version 3.1.6, MPC version 1.0.3, isl version isl-0.18-GMP

GGC heuristics: --param ggc-min-expand=100 --param ggc-min-heapsize=131072
Compiler executable checksum: 4b0d5f8e94ba695a2a6f35852e3b1fbd
COLLECT_GCC_OPTIONS='-O2' '-g' '-fpermissive' '-fPIC' '-v' '-o' 'CMakeFiles/cmTC_045eb.dir/CMakeCXXCompilerABI.cpp.o' '-c' '-shared-libgcc' '-mtune=generic' '-march=x86-64' '-dumpdir' 'CMakeFiles/cmTC_045eb.dir/'
 as -v --64 -o CMakeFiles/cmTC_045eb.dir/CMakeCXXCompilerABI.cpp.o /tmp/cck0NqmR.s
GNU assembler version 2.27 (x86_64-redhat-linux) using BFD version version 2.27-44.base.el7
COMPILER_PATH=/share/app/gcc/gcc-11.4.0/libexec/gcc/x86_64-pc-linux-gnu/11.4.0/:/share/app/gcc/gcc-11.4.0/libexec/gcc/x86_64-pc-linux-gnu/11.4.0/:/share/app/gcc/gcc-11.4.0/libexec/gcc/x86_64-pc-linux-gnu/:/share/app/gcc/gcc-11.4.0/lib/gcc/x86_64-pc-linux-gnu/11.4.0/:/share/app/gcc/gcc-11.4.0/lib/gcc/x86_64-pc-linux-gnu/
LIBRARY_PATH=/share/app/gcc/gcc-11.4.0/lib/gcc/x86_64-pc-linux-gnu/11.4.0/:/share/app/gcc/gcc-11.4.0/lib/gcc/x86_64-pc-linux-gnu/11.4.0/../../../../lib64/:/lib/../lib64/:/usr/lib/../lib64/:/share/app/gcc/gcc-11.4.0/lib/gcc/x86_64-pc-linux-gnu/11.4.0/../../../:/lib/:/usr/lib/
COLLECT_GCC_OPTIONS='-O2' '-g' '-fpermissive' '-fPIC' '-v' '-o' 'CMakeFiles/cmTC_045eb.dir/CMakeCXXCompilerABI.cpp.o' '-c' '-shared-libgcc' '-mtune=generic' '-march=x86-64' '-dumpdir' 'CMakeFiles/cmTC_045eb.dir/CMakeCXXCompilerABI.cpp.'
Linking CXX executable cmTC_045eb
/share/home/mengxiangyu/cmake/bin/cmake -E cmake_link_script CMakeFiles/cmTC_045eb.dir/link.txt --verbose=1
/share/app/gcc/gcc-11.4.0/bin/g++  -O2  -g -fpermissive -fPIC      -v CMakeFiles/cmTC_045eb.dir/CMakeCXXCompilerABI.cpp.o  -o cmTC_045eb 
Using built-in specs.
COLLECT_GCC=/share/app/gcc/gcc-11.4.0/bin/g++
COLLECT_LTO_WRAPPER=/share/app/gcc/gcc-11.4.0/libexec/gcc/x86_64-pc-linux-gnu/11.4.0/lto-wrapper
Target: x86_64-pc-linux-gnu
Configured with: ./configure --prefix=/share/app/gcc/gcc-11.4.0 --enable-languages=c,c++,fortran --disable-multilib
Thread model: posix
Supported LTO compression algorithms: zlib
gcc version 11.4.0 (GCC) 
COMPILER_PATH=/share/app/gcc/gcc-11.4.0/libexec/gcc/x86_64-pc-linux-gnu/11.4.0/:/share/app/gcc/gcc-11.4.0/libexec/gcc/x86_64-pc-linux-gnu/11.4.0/:/share/app/gcc/gcc-11.4.0/libexec/gcc/x86_64-pc-linux-gnu/:/share/app/gcc/gcc-11.4.0/lib/gcc/x86_64-pc-linux-gnu/11.4.0/:/share/app/gcc/gcc-11.4.0/lib/gcc/x86_64-pc-linux-gnu/
LIBRARY_PATH=/share/app/gcc/gcc-11.4.0/lib/gcc/x86_64-pc-linux-gnu/11.4.0/:/share/app/gcc/gcc-11.4.0/lib/gcc/x86_64-pc-linux-gnu/11.4.0/../../../../lib64/:/lib/../lib64/:/usr/lib/../lib64/:/share/app/gcc/gcc-11.4.0/lib/gcc/x86_64-pc-linux-gnu/11.4.0/../../../:/lib/:/usr/lib/
COLLECT_GCC_OPTIONS='-O2' '-g' '-fpermissive' '-fPIC' '-v' '-o' 'cmTC_045eb' '-shared-libgcc' '-mtune=generic' '-march=x86-64' '-dumpdir' 'cmTC_045eb.'
 /share/app/gcc/gcc-11.4.0/libexec/gcc/x86_64-pc-linux-gnu/11.4.0/collect2 -plugin /share/app/gcc/gcc-11.4.0/libexec/gcc/x86_64-pc-linux-gnu/11.4.0/liblto_plugin.so -plugin-opt=/share/app/gcc/gcc-11.4.0/libexec/gcc/x86_64-pc-linux-gnu/11.4.0/lto-wrapper -plugin-opt=-fresolution=/tmp/ccnFGk5X.res -plugin-opt=-pass-through=-lgcc_s -plugin-opt=-pass-through=-lgcc -plugin-opt=-pass-through=-lc -plugin-opt=-pass-through=-lgcc_s -plugin-opt=-pass-through=-lgcc --eh-frame-hdr -m elf_x86_64 -dynamic-linker /lib64/ld-linux-x86-64.so.2 -o cmTC_045eb /lib/../lib64/crt1.o /lib/../lib64/crti.o /share/app/gcc/gcc-11.4.0/lib/gcc/x86_64-pc-linux-gnu/11.4.0/crtbegin.o -L/share/app/gcc/gcc-11.4.0/lib/gcc/x86_64-pc-linux-gnu/11.4.0 -L/share/app/gcc/gcc-11.4.0/lib/gcc/x86_64-pc-linux-gnu/11.4.0/../../../../lib64 -L/lib/../lib64 -L/usr/lib/../lib64 -L/share/app/gcc/gcc-11.4.0/lib/gcc/x86_64-pc-linux-gnu/11.4.0/../../.. CMakeFiles/cmTC_045eb.dir/CMakeCXXCompilerABI.cpp.o -lstdc++ -lm -lgcc_s -lgcc -lc -lgcc_s -lgcc /share/app/gcc/gcc-11.4.0/lib/gcc/x86_64-pc-linux-gnu/11.4.0/crtend.o /lib/../lib64/crtn.o
COLLECT_GCC_OPTIONS='-O2' '-g' '-fpermissive' '-fPIC' '-v' '-o' 'cmTC_045eb' '-shared-libgcc' '-mtune=generic' '-march=x86-64' '-dumpdir' 'cmTC_045eb.'
gmake[1]: Leaving directory `/share/home/mengxiangyu/lightdockc/build/CMakeFiles/CMakeTmp'



Parsed CXX implicit include dir info from above output: rv=done
  found start of include info
  found start of implicit include info
    add: [/share/app/gcc/gcc-11.4.0/lib/gcc/x86_64-pc-linux-gnu/11.4.0/../../../../include/c++/11.4.0]
    add: [/share/app/gcc/gcc-11.4.0/lib/gcc/x86_64-pc-linux-gnu/11.4.0/../../../../include/c++/11.4.0/x86_64-pc-linux-gnu]
    add: [/share/app/gcc/gcc-11.4.0/lib/gcc/x86_64-pc-linux-gnu/11.4.0/../../../../include/c++/11.4.0/backward]
    add: [/share/app/gcc/gcc-11.4.0/lib/gcc/x86_64-pc-linux-gnu/11.4.0/include]
    add: [/usr/local/include]
    add: [/share/app/gcc/gcc-11.4.0/include]
    add: [/share/app/gcc/gcc-11.4.0/lib/gcc/x86_64-pc-linux-gnu/11.4.0/include-fixed]
    add: [/usr/include]
  end of search list found
  collapse include dir [/share/app/gcc/gcc-11.4.0/lib/gcc/x86_64-pc-linux-gnu/11.4.0/../../../../include/c++/11.4.0] ==> [/share/app/gcc/gcc-11.4.0/include/c++/11.4.0]
  collapse include dir [/share/app/gcc/gcc-11.4.0/lib/gcc/x86_64-pc-linux-gnu/11.4.0/../../../../include/c++/11.4.0/x86_64-pc-linux-gnu] ==> [/share/app/gcc/gcc-11.4.0/include/c++/11.4.0/x86_64-pc-linux-gnu]
  collapse include dir [/share/app/gcc/gcc-11.4.0/lib/gcc/x86_64-pc-linux-gnu/11.4.0/../../../../include/c++/11.4.0/backward] ==> [/share/app/gcc/gcc-11.4.0/include/c++/11.4.0/backward]
  collapse include dir [/share/app/gcc/gcc-11.4.0/lib/gcc/x86_64-pc-linux-gnu/11.4.0/include] ==> [/share/app/gcc/gcc-11.4.0/lib/gcc/x86_64-pc-linux-gnu/11.4.0/include]
  collapse include dir [/usr/local/include] ==> [/usr/local/include]
  collapse include dir [/share/app/gcc/gcc-11.4.0/include] ==> [/share/app/gcc/gcc-11.4.0/include]
  collapse include dir [/share/app/gcc/gcc-11.4.0/lib/gcc/x86_64-pc-linux-gnu/11.4.0/include-fixed] ==> [/share/app/gcc/gcc-11.4.0/lib/gcc/x86_64-pc-linux-gnu/11.4.0/include-fixed]
  collapse include dir [/usr/include] ==> [/usr/include]
  implicit include dirs: [/share/app/gcc/gcc-11.4.0/include/c++/11.4.0;/share/app/gcc/gcc-11.4.0/include/c++/11.4.0/x86_64-pc-linux-gnu;/share/app/gcc/gcc-11.4.0/include/c++/11.4.0/backward;/share/app/gcc/gcc-11.4.0/lib/gcc/x86_64-pc-linux-gnu/11.4.0/include;/usr/local/include;/share/app/gcc/gcc-11.4.0/include;/share/app/gcc/gcc-11.4.0/lib/gcc/x86_64-pc-linux-gnu/11.4.0/include-fixed;/usr/include]


Parsed CXX implicit link information from above output:
  link line regex: [^( *|.*[/\])(ld|CMAKE_LINK_STARTFILE-NOTFOUND|([^/\]+-)?ld|collect2)[^/\]*( |$)]
  ignore line: [Change Dir: /share/home/mengxiangyu/lightdockc/build/CMakeFiles/CMakeTmp]
  ignore line: []
  ignore line: [Run Build Command(s):/usr/bin/gmake cmTC_045eb/fast && /usr/bin/gmake  -f CMakeFiles/cmTC_045eb.dir/build.make CMakeFiles/cmTC_045eb.dir/build]
  ignore line: [gmake[1]: Entering directory `/share/home/mengxiangyu/lightdockc/build/CMakeFiles/CMakeTmp']
  ignore line: [Building CXX object CMakeFiles/cmTC_045eb.dir/CMakeCXXCompilerABI.cpp.o]
  ignore line: [/share/app/gcc/gcc-11.4.0/bin/g++  -O2  -g -fpermissive -fPIC    -v -o CMakeFiles/cmTC_045eb.dir/CMakeCXXCompilerABI.cpp.o -c /share/home/mengxiangyu/cmake/share/cmake-3.17/Modules/CMakeCXXCompilerABI.cpp]
  ignore line: [Using built-in specs.]
  ignore line: [COLLECT_GCC=/share/app/gcc/gcc-11.4.0/bin/g++]
  ignore line: [Target: x86_64-pc-linux-gnu]
  ignore line: [Configured with: ./configure --prefix=/share/app/gcc/gcc-11.4.0 --enable-languages=c c++ fortran --disable-multilib]
  ignore line: [Thread model: posix]
  ignore line: [Supported LTO compression algorithms: zlib]
  ignore line: [gcc version 11.4.0 (GCC) ]
  ignore line: [COLLECT_GCC_OPTIONS='-O2' '-g' '-fpermissive' '-fPIC' '-v' '-o' 'CMakeFiles/cmTC_045eb.dir/CMakeCXXCompilerABI.cpp.o' '-c' '-shared-libgcc' '-mtune=generic' '-march=x86-64' '-dumpdir' 'CMakeFiles/cmTC_045eb.dir/']
  ignore line: [ /share/app/gcc/gcc-11.4.0/libexec/gcc/x86_64-pc-linux-gnu/11.4.0/cc1plus -quiet -v -D_GNU_SOURCE /share/home/mengxiangyu/cmake/share/cmake-3.17/Modules/CMakeCXXCompilerABI.cpp -quiet -dumpdir CMakeFiles/cmTC_045eb.dir/ -dumpbase CMakeCXXCompilerABI.cpp.cpp -dumpbase-ext .cpp -mtune=generic -march=x86-64 -g -O2 -version -fpermissive -fPIC -o /tmp/cck0NqmR.s]
  ignore line: [GNU C++17 (GCC) version 11.4.0 (x86_64-pc-linux-gnu)]
  ignore line: [	compiled by GNU C version 11.4.0  GMP version 6.1.0  MPFR version 3.1.6  MPC version 1.0.3  isl version isl-0.18-GMP]
  ignore line: []
  ignore line: [GGC heuristics: --param ggc-min-expand=100 --param ggc-min-heapsize=131072]
  ignore line: [ignoring nonexistent directory "/share/app/gcc/gcc-11.4.0/lib/gcc/x86_64-pc-linux-gnu/11.4.0/../../../../x86_64-pc-linux-gnu/include"]
  ignore line: [#include "..." search starts here:]
  ignore line: [#include <...> search starts here:]
  ignore line: [ /share/app/gcc/gcc-11.4.0/lib/gcc/x86_64-pc-linux-gnu/11.4.0/../../../../include/c++/11.4.0]
  ignore line: [ /share/app/gcc/gcc-11.4.0/lib/gcc/x86_64-pc-linux-gnu/11.4.0/../../../../include/c++/11.4.0/x86_64-pc-linux-gnu]
  ignore line: [ /share/app/gcc/gcc-11.4.0/lib/gcc/x86_64-pc-linux-gnu/11.4.0/../../../../include/c++/11.4.0/backward]
  ignore line: [ /share/app/gcc/gcc-11.4.0/lib/gcc/x86_64-pc-linux-gnu/11.4.0/include]
  ignore line: [ /usr/local/include]
  ignore line: [ /share/app/gcc/gcc-11.4.0/include]
  ignore line: [ /share/app/gcc/gcc-11.4.0/lib/gcc/x86_64-pc-linux-gnu/11.4.0/include-fixed]
  ignore line: [ /usr/include]
  ignore line: [End of search list.]
  ignore line: [GNU C++17 (GCC) version 11.4.0 (x86_64-pc-linux-gnu)]
  ignore line: [	compiled by GNU C version 11.4.0  GMP version 6.1.0  MPFR version 3.1.6  MPC version 1.0.3  isl version isl-0.18-GMP]
  ignore line: []
  ignore line: [GGC heuristics: --param ggc-min-expand=100 --param ggc-min-heapsize=131072]
  ignore line: [Compiler executable checksum: 4b0d5f8e94ba695a2a6f35852e3b1fbd]
  ignore line: [COLLECT_GCC_OPTIONS='-O2' '-g' '-fpermissive' '-fPIC' '-v' '-o' 'CMakeFiles/cmTC_045eb.dir/CMakeCXXCompilerABI.cpp.o' '-c' '-shared-libgcc' '-mtune=generic' '-march=x86-64' '-dumpdir' 'CMakeFiles/cmTC_045eb.dir/']
  ignore line: [ as -v --64 -o CMakeFiles/cmTC_045eb.dir/CMakeCXXCompilerABI.cpp.o /tmp/cck0NqmR.s]
  ignore line: [GNU assembler version 2.27 (x86_64-redhat-linux) using BFD version version 2.27-44.base.el7]
  ignore line: [COMPILER_PATH=/share/app/gcc/gcc-11.4.0/libexec/gcc/x86_64-pc-linux-gnu/11.4.0/:/share/app/gcc/gcc-11.4.0/libexec/gcc/x86_64-pc-linux-gnu/11.4.0/:/share/app/gcc/gcc-11.4.0/libexec/gcc/x86_64-pc-linux-gnu/:/share/app/gcc/gcc-11.4.0/lib/gcc/x86_64-pc-linux-gnu/11.4.0/:/share/app/gcc/gcc-11.4.0/lib/gcc/x86_64-pc-linux-gnu/]
  ignore line: [LIBRARY_PATH=/share/app/gcc/gcc-11.4.0/lib/gcc/x86_64-pc-linux-gnu/11.4.0/:/share/app/gcc/gcc-11.4.0/lib/gcc/x86_64-pc-linux-gnu/11.4.0/../../../../lib64/:/lib/../lib64/:/usr/lib/../lib64/:/share/app/gcc/gcc-11.4.0/lib/gcc/x86_64-pc-linux-gnu/11.4.0/../../../:/lib/:/usr/lib/]
  ignore line: [COLLECT_GCC_OPTIONS='-O2' '-g' '-fpermissive' '-fPIC' '-v' '-o' 'CMakeFiles/cmTC_045eb.dir/CMakeCXXCompilerABI.cpp.o' '-c' '-shared-libgcc' '-mtune=generic' '-march=x86-64' '-dumpdir' 'CMakeFiles/cmTC_045eb.dir/CMakeCXXCompilerABI.cpp.']
  ignore line: [Linking CXX executable cmTC_045eb]
  ignore line: [/share/home/mengxiangyu/cmake/bin/cmake -E cmake_link_script CMakeFiles/cmTC_045eb.dir/link.txt --verbose=1]
  ignore line: [/share/app/gcc/gcc-11.4.0/bin/g++  -O2  -g -fpermissive -fPIC      -v CMakeFiles/cmTC_045eb.dir/CMakeCXXCompilerABI.cpp.o  -o cmTC_045eb ]
  ignore line: [Using built-in specs.]
  ignore line: [COLLECT_GCC=/share/app/gcc/gcc-11.4.0/bin/g++]
  ignore line: [COLLECT_LTO_WRAPPER=/share/app/gcc/gcc-11.4.0/libexec/gcc/x86_64-pc-linux-gnu/11.4.0/lto-wrapper]
  ignore line: [Target: x86_64-pc-linux-gnu]
  ignore line: [Configured with: ./configure --prefix=/share/app/gcc/gcc-11.4.0 --enable-languages=c c++ fortran --disable-multilib]
  ignore line: [Thread model: posix]
  ignore line: [Supported LTO compression algorithms: zlib]
  ignore line: [gcc version 11.4.0 (GCC) ]
  ignore line: [COMPILER_PATH=/share/app/gcc/gcc-11.4.0/libexec/gcc/x86_64-pc-linux-gnu/11.4.0/:/share/app/gcc/gcc-11.4.0/libexec/gcc/x86_64-pc-linux-gnu/11.4.0/:/share/app/gcc/gcc-11.4.0/libexec/gcc/x86_64-pc-linux-gnu/:/share/app/gcc/gcc-11.4.0/lib/gcc/x86_64-pc-linux-gnu/11.4.0/:/share/app/gcc/gcc-11.4.0/lib/gcc/x86_64-pc-linux-gnu/]
  ignore line: [LIBRARY_PATH=/share/app/gcc/gcc-11.4.0/lib/gcc/x86_64-pc-linux-gnu/11.4.0/:/share/app/gcc/gcc-11.4.0/lib/gcc/x86_64-pc-linux-gnu/11.4.0/../../../../lib64/:/lib/../lib64/:/usr/lib/../lib64/:/share/app/gcc/gcc-11.4.0/lib/gcc/x86_64-pc-linux-gnu/11.4.0/../../../:/lib/:/usr/lib/]
  ignore line: [COLLECT_GCC_OPTIONS='-O2' '-g' '-fpermissive' '-fPIC' '-v' '-o' 'cmTC_045eb' '-shared-libgcc' '-mtune=generic' '-march=x86-64' '-dumpdir' 'cmTC_045eb.']
  link line: [ /share/app/gcc/gcc-11.4.0/libexec/gcc/x86_64-pc-linux-gnu/11.4.0/collect2 -plugin /share/app/gcc/gcc-11.4.0/libexec/gcc/x86_64-pc-linux-gnu/11.4.0/liblto_plugin.so -plugin-opt=/share/app/gcc/gcc-11.4.0/libexec/gcc/x86_64-pc-linux-gnu/11.4.0/lto-wrapper -plugin-opt=-fresolution=/tmp/ccnFGk5X.res -plugin-opt=-pass-through=-lgcc_s -plugin-opt=-pass-through=-lgcc -plugin-opt=-pass-through=-lc -plugin-opt=-pass-through=-lgcc_s -plugin-opt=-pass-through=-lgcc --eh-frame-hdr -m elf_x86_64 -dynamic-linker /lib64/ld-linux-x86-64.so.2 -o cmTC_045eb /lib/../lib64/crt1.o /lib/../lib64/crti.o /share/app/gcc/gcc-11.4.0/lib/gcc/x86_64-pc-linux-gnu/11.4.0/crtbegin.o -L/share/app/gcc/gcc-11.4.0/lib/gcc/x86_64-pc-linux-gnu/11.4.0 -L/share/app/gcc/gcc-11.4.0/lib/gcc/x86_64-pc-linux-gnu/11.4.0/../../../../lib64 -L/lib/../lib64 -L/usr/lib/../lib64 -L/share/app/gcc/gcc-11.4.0/lib/gcc/x86_64-pc-linux-gnu/11.4.0/../../.. CMakeFiles/cmTC_045eb.dir/CMakeCXXCompilerABI.cpp.o -lstdc++ -lm -lgcc_s -lgcc -lc -lgcc_s -lgcc /share/app/gcc/gcc-11.4.0/lib/gcc/x86_64-pc-linux-gnu/11.4.0/crtend.o /lib/../lib64/crtn.o]
    arg [/share/app/gcc/gcc-11.4.0/libexec/gcc/x86_64-pc-linux-gnu/11.4.0/collect2] ==> ignore
    arg [-plugin] ==> ignore
    arg [/share/app/gcc/gcc-11.4.0/libexec/gcc/x86_64-pc-linux-gnu/11.4.0/liblto_plugin.so] ==> ignore
    arg [-plugin-opt=/share/app/gcc/gcc-11.4.0/libexec/gcc/x86_64-pc-linux-gnu/11.4.0/lto-wrapper] ==> ignore
    arg [-plugin-opt=-fresolution=/tmp/ccnFGk5X.res] ==> ignore
    arg [-plugin-opt=-pass-through=-lgcc_s] ==> ignore
    arg [-plugin-opt=-pass-through=-lgcc] ==> ignore
    arg [-plugin-opt=-pass-through=-lc] ==> ignore
    arg [-plugin-opt=-pass-through=-lgcc_s] ==> ignore
    arg [-plugin-opt=-pass-through=-lgcc] ==> ignore
    arg [--eh-frame-hdr] ==> ignore
    arg [-m] ==> ignore
    arg [elf_x86_64] ==> ignore
    arg [-dynamic-linker] ==> ignore
    arg [/lib64/ld-linux-x86-64.so.2] ==> ignore
    arg [-o] ==> ignore
    arg [cmTC_045eb] ==> ignore
    arg [/lib/../lib64/crt1.o] ==> ignore
    arg [/lib/../lib64/crti.o] ==> ignore
    arg [/share/app/gcc/gcc-11.4.0/lib/gcc/x86_64-pc-linux-gnu/11.4.0/crtbegin.o] ==> ignore
    arg [-L/share/app/gcc/gcc-11.4.0/lib/gcc/x86_64-pc-linux-gnu/11.4.0] ==> dir [/share/app/gcc/gcc-11.4.0/lib/gcc/x86_64-pc-linux-gnu/11.4.0]
    arg [-L/share/app/gcc/gcc-11.4.0/lib/gcc/x86_64-pc-linux-gnu/11.4.0/../../../../lib64] ==> dir [/share/app/gcc/gcc-11.4.0/lib/gcc/x86_64-pc-linux-gnu/11.4.0/../../../../lib64]
    arg [-L/lib/../lib64] ==> dir [/lib/../lib64]
    arg [-L/usr/lib/../lib64] ==> dir [/usr/lib/../lib64]
    arg [-L/share/app/gcc/gcc-11.4.0/lib/gcc/x86_64-pc-linux-gnu/11.4.0/../../..] ==> dir [/share/app/gcc/gcc-11.4.0/lib/gcc/x86_64-pc-linux-gnu/11.4.0/../../..]
    arg [CMakeFiles/cmTC_045eb.dir/CMakeCXXCompilerABI.cpp.o] ==> ignore
    arg [-lstdc++] ==> lib [stdc++]
    arg [-lm] ==> lib [m]
    arg [-lgcc_s] ==> lib [gcc_s]
    arg [-lgcc] ==> lib [gcc]
    arg [-lc] ==> lib [c]
    arg [-lgcc_s] ==> lib [gcc_s]
    arg [-lgcc] ==> lib [gcc]
    arg [/share/app/gcc/gcc-11.4.0/lib/gcc/x86_64-pc-linux-gnu/11.4.0/crtend.o] ==> ignore
    arg [/lib/../lib64/crtn.o] ==> ignore
  collapse library dir [/share/app/gcc/gcc-11.4.0/lib/gcc/x86_64-pc-linux-gnu/11.4.0] ==> [/share/app/gcc/gcc-11.4.0/lib/gcc/x86_64-pc-linux-gnu/11.4.0]
  collapse library dir [/share/app/gcc/gcc-11.4.0/lib/gcc/x86_64-pc-linux-gnu/11.4.0/../../../../lib64] ==> [/share/app/gcc/gcc-11.4.0/lib64]
  collapse library dir [/lib/../lib64] ==> [/lib64]
  collapse library dir [/usr/lib/../lib64] ==> [/usr/lib64]
  collapse library dir [/share/app/gcc/gcc-11.4.0/lib/gcc/x86_64-pc-linux-gnu/11.4.0/../../..] ==> [/share/app/gcc/gcc-11.4.0/lib]
  implicit libs: [stdc++;m;gcc_s;gcc;c;gcc_s;gcc]
  implicit dirs: [/share/app/gcc/gcc-11.4.0/lib/gcc/x86_64-pc-linux-gnu/11.4.0;/share/app/gcc/gcc-11.4.0/lib64;/lib64;/usr/lib64;/share/app/gcc/gcc-11.4.0/lib]
  implicit fwks: []


Determining if the include file pthread.h exists passed with the following output:
Change Dir: /share/home/mengxiangyu/lightdockc/build/CMakeFiles/CMakeTmp

Run Build Command(s):/usr/bin/gmake cmTC_a8ae6/fast && /usr/bin/gmake  -f CMakeFiles/cmTC_a8ae6.dir/build.make CMakeFiles/cmTC_a8ae6.dir/build
gmake[1]: Entering directory `/share/home/mengxiangyu/lightdockc/build/CMakeFiles/CMakeTmp'
Building C object CMakeFiles/cmTC_a8ae6.dir/CheckIncludeFile.c.o
/share/app/gcc/gcc-11.4.0/bin/gcc  -O2  -g -fpermissive -fPIC    -o CMakeFiles/cmTC_a8ae6.dir/CheckIncludeFile.c.o   -c /share/home/mengxiangyu/lightdockc/build/CMakeFiles/CMakeTmp/CheckIncludeFile.c
cc1: warning: command-line option ‘-fpermissive’ is valid for C++/ObjC++ but not for C
Linking C executable cmTC_a8ae6
/share/home/mengxiangyu/cmake/bin/cmake -E cmake_link_script CMakeFiles/cmTC_a8ae6.dir/link.txt --verbose=1
/share/app/gcc/gcc-11.4.0/bin/gcc  -O2  -g -fpermissive -fPIC      CMakeFiles/cmTC_a8ae6.dir/CheckIncludeFile.c.o  -o cmTC_a8ae6 
gmake[1]: Leaving directory `/share/home/mengxiangyu/lightdockc/build/CMakeFiles/CMakeTmp'



Determining if the function pthread_create exists in the pthread passed with the following output:
Change Dir: /share/home/mengxiangyu/lightdockc/build/CMakeFiles/CMakeTmp

Run Build Command(s):/usr/bin/gmake cmTC_290ae/fast && /usr/bin/gmake  -f CMakeFiles/cmTC_290ae.dir/build.make CMakeFiles/cmTC_290ae.dir/build
gmake[1]: Entering directory `/share/home/mengxiangyu/lightdockc/build/CMakeFiles/CMakeTmp'
Building C object CMakeFiles/cmTC_290ae.dir/CheckFunctionExists.c.o
/share/app/gcc/gcc-11.4.0/bin/gcc  -O2  -g -fpermissive -fPIC   -DCHECK_FUNCTION_EXISTS=pthread_create   -o CMakeFiles/cmTC_290ae.dir/CheckFunctionExists.c.o   -c /share/home/mengxiangyu/cmake/share/cmake-3.17/Modules/CheckFunctionExists.c
cc1: warning: command-line option ‘-fpermissive’ is valid for C++/ObjC++ but not for C
Linking C executable cmTC_290ae
/share/home/mengxiangyu/cmake/bin/cmake -E cmake_link_script CMakeFiles/cmTC_290ae.dir/link.txt --verbose=1
/share/app/gcc/gcc-11.4.0/bin/gcc  -O2  -g -fpermissive -fPIC  -DCHECK_FUNCTION_EXISTS=pthread_create    CMakeFiles/cmTC_290ae.dir/CheckFunctionExists.c.o  -o cmTC_290ae  -lpthread 
gmake[1]: Leaving directory `/share/home/mengxiangyu/lightdockc/build/CMakeFiles/CMakeTmp'



Detecting C OpenMP compiler ABI info compiled with the following output:
Change Dir: /share/home/mengxiangyu/lightdockc/build/CMakeFiles/CMakeTmp

Run Build Command(s):/usr/bin/gmake cmTC_d1c33/fast && /usr/bin/gmake  -f CMakeFiles/cmTC_d1c33.dir/build.make CMakeFiles/cmTC_d1c33.dir/build
gmake[1]: Entering directory `/share/home/mengxiangyu/lightdockc/build/CMakeFiles/CMakeTmp'
Building C object CMakeFiles/cmTC_d1c33.dir/OpenMPTryFlag.c.o
/share/app/gcc/gcc-11.4.0/bin/gcc  -O2  -g -fpermissive -fPIC   -fopenmp -v   -o CMakeFiles/cmTC_d1c33.dir/OpenMPTryFlag.c.o   -c /share/home/mengxiangyu/lightdockc/build/CMakeFiles/FindOpenMP/OpenMPTryFlag.c
Using built-in specs.
COLLECT_GCC=/share/app/gcc/gcc-11.4.0/bin/gcc
Target: x86_64-pc-linux-gnu
Configured with: ./configure --prefix=/share/app/gcc/gcc-11.4.0 --enable-languages=c,c++,fortran --disable-multilib
Thread model: posix
Supported LTO compression algorithms: zlib
gcc version 11.4.0 (GCC) 
COLLECT_GCC_OPTIONS='-O2' '-g' '-fpermissive' '-fPIC' '-fopenmp' '-v' '-o' 'CMakeFiles/cmTC_d1c33.dir/OpenMPTryFlag.c.o' '-c' '-mtune=generic' '-march=x86-64' '-pthread' '-dumpdir' 'CMakeFiles/cmTC_d1c33.dir/'
 /share/app/gcc/gcc-11.4.0/libexec/gcc/x86_64-pc-linux-gnu/11.4.0/cc1 -quiet -v -D_REENTRANT /share/home/mengxiangyu/lightdockc/build/CMakeFiles/FindOpenMP/OpenMPTryFlag.c -quiet -dumpdir CMakeFiles/cmTC_d1c33.dir/ -dumpbase OpenMPTryFlag.c.c -dumpbase-ext .c -mtune=generic -march=x86-64 -g -O2 -version -fpermissive -fPIC -fopenmp -o /tmp/ccEmhprT.s
cc1: warning: command-line option ‘-fpermissive’ is valid for C++/ObjC++ but not for C
GNU C17 (GCC) version 11.4.0 (x86_64-pc-linux-gnu)
	compiled by GNU C version 11.4.0, GMP version 6.1.0, MPFR version 3.1.6, MPC version 1.0.3, isl version isl-0.18-GMP

GGC heuristics: --param ggc-min-expand=100 --param ggc-min-heapsize=131072
ignoring nonexistent directory "/share/app/gcc/gcc-11.4.0/lib/gcc/x86_64-pc-linux-gnu/11.4.0/../../../../x86_64-pc-linux-gnu/include"
#include "..." search starts here:
#include <...> search starts here:
 /share/app/gcc/gcc-11.4.0/lib/gcc/x86_64-pc-linux-gnu/11.4.0/include
 /usr/local/include
 /share/app/gcc/gcc-11.4.0/include
 /share/app/gcc/gcc-11.4.0/lib/gcc/x86_64-pc-linux-gnu/11.4.0/include-fixed
 /usr/include
End of search list.
GNU C17 (GCC) version 11.4.0 (x86_64-pc-linux-gnu)
	compiled by GNU C version 11.4.0, GMP version 6.1.0, MPFR version 3.1.6, MPC version 1.0.3, isl version isl-0.18-GMP

GGC heuristics: --param ggc-min-expand=100 --param ggc-min-heapsize=131072
Compiler executable checksum: 7291c4b5731c2b89dbb852faa4431faf
COLLECT_GCC_OPTIONS='-O2' '-g' '-fpermissive' '-fPIC' '-fopenmp' '-v' '-o' 'CMakeFiles/cmTC_d1c33.dir/OpenMPTryFlag.c.o' '-c' '-mtune=generic' '-march=x86-64' '-pthread' '-dumpdir' 'CMakeFiles/cmTC_d1c33.dir/'
 as -v --64 -o CMakeFiles/cmTC_d1c33.dir/OpenMPTryFlag.c.o /tmp/ccEmhprT.s
GNU assembler version 2.27 (x86_64-redhat-linux) using BFD version version 2.27-44.base.el7
COMPILER_PATH=/share/app/gcc/gcc-11.4.0/libexec/gcc/x86_64-pc-linux-gnu/11.4.0/:/share/app/gcc/gcc-11.4.0/libexec/gcc/x86_64-pc-linux-gnu/11.4.0/:/share/app/gcc/gcc-11.4.0/libexec/gcc/x86_64-pc-linux-gnu/:/share/app/gcc/gcc-11.4.0/lib/gcc/x86_64-pc-linux-gnu/11.4.0/:/share/app/gcc/gcc-11.4.0/lib/gcc/x86_64-pc-linux-gnu/
LIBRARY_PATH=/share/app/gcc/gcc-11.4.0/lib/gcc/x86_64-pc-linux-gnu/11.4.0/:/share/app/gcc/gcc-11.4.0/lib/gcc/x86_64-pc-linux-gnu/11.4.0/../../../../lib64/:/lib/../lib64/:/usr/lib/../lib64/:/share/app/gcc/gcc-11.4.0/lib/gcc/x86_64-pc-linux-gnu/11.4.0/../../../:/lib/:/usr/lib/
COLLECT_GCC_OPTIONS='-O2' '-g' '-fpermissive' '-fPIC' '-fopenmp' '-v' '-o' 'CMakeFiles/cmTC_d1c33.dir/OpenMPTryFlag.c.o' '-c' '-mtune=generic' '-march=x86-64' '-pthread' '-dumpdir' 'CMakeFiles/cmTC_d1c33.dir/OpenMPTryFlag.c.'
Linking C executable cmTC_d1c33
/share/home/mengxiangyu/cmake/bin/cmake -E cmake_link_script CMakeFiles/cmTC_d1c33.dir/link.txt --verbose=1
/share/app/gcc/gcc-11.4.0/bin/gcc  -O2  -g -fpermissive -fPIC  -fopenmp -v    CMakeFiles/cmTC_d1c33.dir/OpenMPTryFlag.c.o  -o cmTC_d1c33  -v 
Using built-in specs.
COLLECT_GCC=/share/app/gcc/gcc-11.4.0/bin/gcc
COLLECT_LTO_WRAPPER=/share/app/gcc/gcc-11.4.0/libexec/gcc/x86_64-pc-linux-gnu/11.4.0/lto-wrapper
Target: x86_64-pc-linux-gnu
Configured with: ./configure --prefix=/share/app/gcc/gcc-11.4.0 --enable-languages=c,c++,fortran --disable-multilib
Thread model: posix
Supported LTO compression algorithms: zlib
gcc version 11.4.0 (GCC) 
COMPILER_PATH=/share/app/gcc/gcc-11.4.0/libexec/gcc/x86_64-pc-linux-gnu/11.4.0/:/share/app/gcc/gcc-11.4.0/libexec/gcc/x86_64-pc-linux-gnu/11.4.0/:/share/app/gcc/gcc-11.4.0/libexec/gcc/x86_64-pc-linux-gnu/:/share/app/gcc/gcc-11.4.0/lib/gcc/x86_64-pc-linux-gnu/11.4.0/:/share/app/gcc/gcc-11.4.0/lib/gcc/x86_64-pc-linux-gnu/
LIBRARY_PATH=/share/app/gcc/gcc-11.4.0/lib/gcc/x86_64-pc-linux-gnu/11.4.0/:/share/app/gcc/gcc-11.4.0/lib/gcc/x86_64-pc-linux-gnu/11.4.0/../../../../lib64/:/lib/../lib64/:/usr/lib/../lib64/:/share/app/gcc/gcc-11.4.0/lib/gcc/x86_64-pc-linux-gnu/11.4.0/../../../:/lib/:/usr/lib/
Reading specs from /share/app/gcc/gcc-11.4.0/lib/gcc/x86_64-pc-linux-gnu/11.4.0/../../../../lib64/libgomp.spec
COLLECT_GCC_OPTIONS='-O2' '-g' '-fpermissive' '-fPIC' '-fopenmp' '-v' '-o' 'cmTC_d1c33' '-v' '-mtune=generic' '-march=x86-64' '-pthread' '-dumpdir' 'cmTC_d1c33.'
 /share/app/gcc/gcc-11.4.0/libexec/gcc/x86_64-pc-linux-gnu/11.4.0/collect2 -plugin /share/app/gcc/gcc-11.4.0/libexec/gcc/x86_64-pc-linux-gnu/11.4.0/liblto_plugin.so -plugin-opt=/share/app/gcc/gcc-11.4.0/libexec/gcc/x86_64-pc-linux-gnu/11.4.0/lto-wrapper -plugin-opt=-fresolution=/tmp/ccjhrHIW.res -plugin-opt=-pass-through=-lgcc -plugin-opt=-pass-through=-lgcc_s -plugin-opt=-pass-through=-lpthread -plugin-opt=-pass-through=-lc -plugin-opt=-pass-through=-lgcc -plugin-opt=-pass-through=-lgcc_s --eh-frame-hdr -m elf_x86_64 -dynamic-linker /lib64/ld-linux-x86-64.so.2 -o cmTC_d1c33 /lib/../lib64/crt1.o /lib/../lib64/crti.o /share/app/gcc/gcc-11.4.0/lib/gcc/x86_64-pc-linux-gnu/11.4.0/crtbegin.o -L/share/app/gcc/gcc-11.4.0/lib/gcc/x86_64-pc-linux-gnu/11.4.0 -L/share/app/gcc/gcc-11.4.0/lib/gcc/x86_64-pc-linux-gnu/11.4.0/../../../../lib64 -L/lib/../lib64 -L/usr/lib/../lib64 -L/share/app/gcc/gcc-11.4.0/lib/gcc/x86_64-pc-linux-gnu/11.4.0/../../.. CMakeFiles/cmTC_d1c33.dir/OpenMPTryFlag.c.o -lgomp -lgcc --as-needed -lgcc_s --no-as-needed -lpthread -lc -lgcc --as-needed -lgcc_s --no-as-needed /share/app/gcc/gcc-11.4.0/lib/gcc/x86_64-pc-linux-gnu/11.4.0/crtend.o /lib/../lib64/crtn.o
COLLECT_GCC_OPTIONS='-O2' '-g' '-fpermissive' '-fPIC' '-fopenmp' '-v' '-o' 'cmTC_d1c33' '-v' '-mtune=generic' '-march=x86-64' '-pthread' '-dumpdir' 'cmTC_d1c33.'
gmake[1]: Leaving directory `/share/home/mengxiangyu/lightdockc/build/CMakeFiles/CMakeTmp'



Parsed C OpenMP implicit link information from above output:
  link line regex: [^( *|.*[/\])(ld|CMAKE_LINK_STARTFILE-NOTFOUND|([^/\]+-)?ld|collect2)[^/\]*( |$)]
  ignore line: [Change Dir: /share/home/mengxiangyu/lightdockc/build/CMakeFiles/CMakeTmp]
  ignore line: []
  ignore line: [Run Build Command(s):/usr/bin/gmake cmTC_d1c33/fast && /usr/bin/gmake  -f CMakeFiles/cmTC_d1c33.dir/build.make CMakeFiles/cmTC_d1c33.dir/build]
  ignore line: [gmake[1]: Entering directory `/share/home/mengxiangyu/lightdockc/build/CMakeFiles/CMakeTmp']
  ignore line: [Building C object CMakeFiles/cmTC_d1c33.dir/OpenMPTryFlag.c.o]
  ignore line: [/share/app/gcc/gcc-11.4.0/bin/gcc  -O2  -g -fpermissive -fPIC   -fopenmp -v   -o CMakeFiles/cmTC_d1c33.dir/OpenMPTryFlag.c.o   -c /share/home/mengxiangyu/lightdockc/build/CMakeFiles/FindOpenMP/OpenMPTryFlag.c]
  ignore line: [Using built-in specs.]
  ignore line: [COLLECT_GCC=/share/app/gcc/gcc-11.4.0/bin/gcc]
  ignore line: [Target: x86_64-pc-linux-gnu]
  ignore line: [Configured with: ./configure --prefix=/share/app/gcc/gcc-11.4.0 --enable-languages=c c++ fortran --disable-multilib]
  ignore line: [Thread model: posix]
  ignore line: [Supported LTO compression algorithms: zlib]
  ignore line: [gcc version 11.4.0 (GCC) ]
  ignore line: [COLLECT_GCC_OPTIONS='-O2' '-g' '-fpermissive' '-fPIC' '-fopenmp' '-v' '-o' 'CMakeFiles/cmTC_d1c33.dir/OpenMPTryFlag.c.o' '-c' '-mtune=generic' '-march=x86-64' '-pthread' '-dumpdir' 'CMakeFiles/cmTC_d1c33.dir/']
  ignore line: [ /share/app/gcc/gcc-11.4.0/libexec/gcc/x86_64-pc-linux-gnu/11.4.0/cc1 -quiet -v -D_REENTRANT /share/home/mengxiangyu/lightdockc/build/CMakeFiles/FindOpenMP/OpenMPTryFlag.c -quiet -dumpdir CMakeFiles/cmTC_d1c33.dir/ -dumpbase OpenMPTryFlag.c.c -dumpbase-ext .c -mtune=generic -march=x86-64 -g -O2 -version -fpermissive -fPIC -fopenmp -o /tmp/ccEmhprT.s]
  ignore line: [cc1: warning: command-line option ‘-fpermissive’ is valid for C++/ObjC++ but not for C]
  ignore line: [GNU C17 (GCC) version 11.4.0 (x86_64-pc-linux-gnu)]
  ignore line: [	compiled by GNU C version 11.4.0  GMP version 6.1.0  MPFR version 3.1.6  MPC version 1.0.3  isl version isl-0.18-GMP]
  ignore line: []
  ignore line: [GGC heuristics: --param ggc-min-expand=100 --param ggc-min-heapsize=131072]
  ignore line: [ignoring nonexistent directory "/share/app/gcc/gcc-11.4.0/lib/gcc/x86_64-pc-linux-gnu/11.4.0/../../../../x86_64-pc-linux-gnu/include"]
  ignore line: [#include "..." search starts here:]
  ignore line: [#include <...> search starts here:]
  ignore line: [ /share/app/gcc/gcc-11.4.0/lib/gcc/x86_64-pc-linux-gnu/11.4.0/include]
  ignore line: [ /usr/local/include]
  ignore line: [ /share/app/gcc/gcc-11.4.0/include]
  ignore line: [ /share/app/gcc/gcc-11.4.0/lib/gcc/x86_64-pc-linux-gnu/11.4.0/include-fixed]
  ignore line: [ /usr/include]
  ignore line: [End of search list.]
  ignore line: [GNU C17 (GCC) version 11.4.0 (x86_64-pc-linux-gnu)]
  ignore line: [	compiled by GNU C version 11.4.0  GMP version 6.1.0  MPFR version 3.1.6  MPC version 1.0.3  isl version isl-0.18-GMP]
  ignore line: []
  ignore line: [GGC heuristics: --param ggc-min-expand=100 --param ggc-min-heapsize=131072]
  ignore line: [Compiler executable checksum: 7291c4b5731c2b89dbb852faa4431faf]
  ignore line: [COLLECT_GCC_OPTIONS='-O2' '-g' '-fpermissive' '-fPIC' '-fopenmp' '-v' '-o' 'CMakeFiles/cmTC_d1c33.dir/OpenMPTryFlag.c.o' '-c' '-mtune=generic' '-march=x86-64' '-pthread' '-dumpdir' 'CMakeFiles/cmTC_d1c33.dir/']
  ignore line: [ as -v --64 -o CMakeFiles/cmTC_d1c33.dir/OpenMPTryFlag.c.o /tmp/ccEmhprT.s]
  ignore line: [GNU assembler version 2.27 (x86_64-redhat-linux) using BFD version version 2.27-44.base.el7]
  ignore line: [COMPILER_PATH=/share/app/gcc/gcc-11.4.0/libexec/gcc/x86_64-pc-linux-gnu/11.4.0/:/share/app/gcc/gcc-11.4.0/libexec/gcc/x86_64-pc-linux-gnu/11.4.0/:/share/app/gcc/gcc-11.4.0/libexec/gcc/x86_64-pc-linux-gnu/:/share/app/gcc/gcc-11.4.0/lib/gcc/x86_64-pc-linux-gnu/11.4.0/:/share/app/gcc/gcc-11.4.0/lib/gcc/x86_64-pc-linux-gnu/]
  ignore line: [LIBRARY_PATH=/share/app/gcc/gcc-11.4.0/lib/gcc/x86_64-pc-linux-gnu/11.4.0/:/share/app/gcc/gcc-11.4.0/lib/gcc/x86_64-pc-linux-gnu/11.4.0/../../../../lib64/:/lib/../lib64/:/usr/lib/../lib64/:/share/app/gcc/gcc-11.4.0/lib/gcc/x86_64-pc-linux-gnu/11.4.0/../../../:/lib/:/usr/lib/]
  ignore line: [COLLECT_GCC_OPTIONS='-O2' '-g' '-fpermissive' '-fPIC' '-fopenmp' '-v' '-o' 'CMakeFiles/cmTC_d1c33.dir/OpenMPTryFlag.c.o' '-c' '-mtune=generic' '-march=x86-64' '-pthread' '-dumpdir' 'CMakeFiles/cmTC_d1c33.dir/OpenMPTryFlag.c.']
  ignore line: [Linking C executable cmTC_d1c33]
  ignore line: [/share/home/mengxiangyu/cmake/bin/cmake -E cmake_link_script CMakeFiles/cmTC_d1c33.dir/link.txt --verbose=1]
  ignore line: [/share/app/gcc/gcc-11.4.0/bin/gcc  -O2  -g -fpermissive -fPIC  -fopenmp -v    CMakeFiles/cmTC_d1c33.dir/OpenMPTryFlag.c.o  -o cmTC_d1c33  -v ]
  ignore line: [Using built-in specs.]
  ignore line: [COLLECT_GCC=/share/app/gcc/gcc-11.4.0/bin/gcc]
  ignore line: [COLLECT_LTO_WRAPPER=/share/app/gcc/gcc-11.4.0/libexec/gcc/x86_64-pc-linux-gnu/11.4.0/lto-wrapper]
  ignore line: [Target: x86_64-pc-linux-gnu]
  ignore line: [Configured with: ./configure --prefix=/share/app/gcc/gcc-11.4.0 --enable-languages=c c++ fortran --disable-multilib]
  ignore line: [Thread model: posix]
  ignore line: [Supported LTO compression algorithms: zlib]
  ignore line: [gcc version 11.4.0 (GCC) ]
  ignore line: [COMPILER_PATH=/share/app/gcc/gcc-11.4.0/libexec/gcc/x86_64-pc-linux-gnu/11.4.0/:/share/app/gcc/gcc-11.4.0/libexec/gcc/x86_64-pc-linux-gnu/11.4.0/:/share/app/gcc/gcc-11.4.0/libexec/gcc/x86_64-pc-linux-gnu/:/share/app/gcc/gcc-11.4.0/lib/gcc/x86_64-pc-linux-gnu/11.4.0/:/share/app/gcc/gcc-11.4.0/lib/gcc/x86_64-pc-linux-gnu/]
  ignore line: [LIBRARY_PATH=/share/app/gcc/gcc-11.4.0/lib/gcc/x86_64-pc-linux-gnu/11.4.0/:/share/app/gcc/gcc-11.4.0/lib/gcc/x86_64-pc-linux-gnu/11.4.0/../../../../lib64/:/lib/../lib64/:/usr/lib/../lib64/:/share/app/gcc/gcc-11.4.0/lib/gcc/x86_64-pc-linux-gnu/11.4.0/../../../:/lib/:/usr/lib/]
  ignore line: [Reading specs from /share/app/gcc/gcc-11.4.0/lib/gcc/x86_64-pc-linux-gnu/11.4.0/../../../../lib64/libgomp.spec]
  ignore line: [COLLECT_GCC_OPTIONS='-O2' '-g' '-fpermissive' '-fPIC' '-fopenmp' '-v' '-o' 'cmTC_d1c33' '-v' '-mtune=generic' '-march=x86-64' '-pthread' '-dumpdir' 'cmTC_d1c33.']
  link line: [ /share/app/gcc/gcc-11.4.0/libexec/gcc/x86_64-pc-linux-gnu/11.4.0/collect2 -plugin /share/app/gcc/gcc-11.4.0/libexec/gcc/x86_64-pc-linux-gnu/11.4.0/liblto_plugin.so -plugin-opt=/share/app/gcc/gcc-11.4.0/libexec/gcc/x86_64-pc-linux-gnu/11.4.0/lto-wrapper -plugin-opt=-fresolution=/tmp/ccjhrHIW.res -plugin-opt=-pass-through=-lgcc -plugin-opt=-pass-through=-lgcc_s -plugin-opt=-pass-through=-lpthread -plugin-opt=-pass-through=-lc -plugin-opt=-pass-through=-lgcc -plugin-opt=-pass-through=-lgcc_s --eh-frame-hdr -m elf_x86_64 -dynamic-linker /lib64/ld-linux-x86-64.so.2 -o cmTC_d1c33 /lib/../lib64/crt1.o /lib/../lib64/crti.o /share/app/gcc/gcc-11.4.0/lib/gcc/x86_64-pc-linux-gnu/11.4.0/crtbegin.o -L/share/app/gcc/gcc-11.4.0/lib/gcc/x86_64-pc-linux-gnu/11.4.0 -L/share/app/gcc/gcc-11.4.0/lib/gcc/x86_64-pc-linux-gnu/11.4.0/../../../../lib64 -L/lib/../lib64 -L/usr/lib/../lib64 -L/share/app/gcc/gcc-11.4.0/lib/gcc/x86_64-pc-linux-gnu/11.4.0/../../.. CMakeFiles/cmTC_d1c33.dir/OpenMPTryFlag.c.o -lgomp -lgcc --as-needed -lgcc_s --no-as-needed -lpthread -lc -lgcc --as-needed -lgcc_s --no-as-needed /share/app/gcc/gcc-11.4.0/lib/gcc/x86_64-pc-linux-gnu/11.4.0/crtend.o /lib/../lib64/crtn.o]
    arg [/share/app/gcc/gcc-11.4.0/libexec/gcc/x86_64-pc-linux-gnu/11.4.0/collect2] ==> ignore
    arg [-plugin] ==> ignore
    arg [/share/app/gcc/gcc-11.4.0/libexec/gcc/x86_64-pc-linux-gnu/11.4.0/liblto_plugin.so] ==> ignore
    arg [-plugin-opt=/share/app/gcc/gcc-11.4.0/libexec/gcc/x86_64-pc-linux-gnu/11.4.0/lto-wrapper] ==> ignore
    arg [-plugin-opt=-fresolution=/tmp/ccjhrHIW.res] ==> ignore
    arg [-plugin-opt=-pass-through=-lgcc] ==> ignore
    arg [-plugin-opt=-pass-through=-lgcc_s] ==> ignore
    arg [-plugin-opt=-pass-through=-lpthread] ==> ignore
    arg [-plugin-opt=-pass-through=-lc] ==> ignore
    arg [-plugin-opt=-pass-through=-lgcc] ==> ignore
    arg [-plugin-opt=-pass-through=-lgcc_s] ==> ignore
    arg [--eh-frame-hdr] ==> ignore
    arg [-m] ==> ignore
    arg [elf_x86_64] ==> ignore
    arg [-dynamic-linker] ==> ignore
    arg [/lib64/ld-linux-x86-64.so.2] ==> ignore
    arg [-o] ==> ignore
    arg [cmTC_d1c33] ==> ignore
    arg [/lib/../lib64/crt1.o] ==> ignore
    arg [/lib/../lib64/crti.o] ==> ignore
    arg [/share/app/gcc/gcc-11.4.0/lib/gcc/x86_64-pc-linux-gnu/11.4.0/crtbegin.o] ==> ignore
    arg [-L/share/app/gcc/gcc-11.4.0/lib/gcc/x86_64-pc-linux-gnu/11.4.0] ==> dir [/share/app/gcc/gcc-11.4.0/lib/gcc/x86_64-pc-linux-gnu/11.4.0]
    arg [-L/share/app/gcc/gcc-11.4.0/lib/gcc/x86_64-pc-linux-gnu/11.4.0/../../../../lib64] ==> dir [/share/app/gcc/gcc-11.4.0/lib/gcc/x86_64-pc-linux-gnu/11.4.0/../../../../lib64]
    arg [-L/lib/../lib64] ==> dir [/lib/../lib64]
    arg [-L/usr/lib/../lib64] ==> dir [/usr/lib/../lib64]
    arg [-L/share/app/gcc/gcc-11.4.0/lib/gcc/x86_64-pc-linux-gnu/11.4.0/../../..] ==> dir [/share/app/gcc/gcc-11.4.0/lib/gcc/x86_64-pc-linux-gnu/11.4.0/../../..]
    arg [CMakeFiles/cmTC_d1c33.dir/OpenMPTryFlag.c.o] ==> ignore
    arg [-lgomp] ==> lib [gomp]
    arg [-lgcc] ==> lib [gcc]
    arg [--as-needed] ==> ignore
    arg [-lgcc_s] ==> lib [gcc_s]
    arg [--no-as-needed] ==> ignore
    arg [-lpthread] ==> lib [pthread]
    arg [-lc] ==> lib [c]
    arg [-lgcc] ==> lib [gcc]
    arg [--as-needed] ==> ignore
    arg [-lgcc_s] ==> lib [gcc_s]
    arg [--no-as-needed] ==> ignore
    arg [/share/app/gcc/gcc-11.4.0/lib/gcc/x86_64-pc-linux-gnu/11.4.0/crtend.o] ==> ignore
    arg [/lib/../lib64/crtn.o] ==> ignore
  collapse library dir [/share/app/gcc/gcc-11.4.0/lib/gcc/x86_64-pc-linux-gnu/11.4.0] ==> [/share/app/gcc/gcc-11.4.0/lib/gcc/x86_64-pc-linux-gnu/11.4.0]
  collapse library dir [/share/app/gcc/gcc-11.4.0/lib/gcc/x86_64-pc-linux-gnu/11.4.0/../../../../lib64] ==> [/share/app/gcc/gcc-11.4.0/lib64]
  collapse library dir [/lib/../lib64] ==> [/lib64]
  collapse library dir [/usr/lib/../lib64] ==> [/usr/lib64]
  collapse library dir [/share/app/gcc/gcc-11.4.0/lib/gcc/x86_64-pc-linux-gnu/11.4.0/../../..] ==> [/share/app/gcc/gcc-11.4.0/lib]
  implicit libs: [gomp;gcc;gcc_s;pthread;c;gcc;gcc_s]
  implicit dirs: [/share/app/gcc/gcc-11.4.0/lib/gcc/x86_64-pc-linux-gnu/11.4.0;/share/app/gcc/gcc-11.4.0/lib64;/lib64;/usr/lib64;/share/app/gcc/gcc-11.4.0/lib]
  implicit fwks: []


Detecting CXX OpenMP compiler ABI info compiled with the following output:
Change Dir: /share/home/mengxiangyu/lightdockc/build/CMakeFiles/CMakeTmp

Run Build Command(s):/usr/bin/gmake cmTC_0786b/fast && /usr/bin/gmake  -f CMakeFiles/cmTC_0786b.dir/build.make CMakeFiles/cmTC_0786b.dir/build
gmake[1]: Entering directory `/share/home/mengxiangyu/lightdockc/build/CMakeFiles/CMakeTmp'
Building CXX object CMakeFiles/cmTC_0786b.dir/OpenMPTryFlag.cpp.o
/share/app/gcc/gcc-11.4.0/bin/g++  -O2  -g -fpermissive -fPIC    -fopenmp -v   -o CMakeFiles/cmTC_0786b.dir/OpenMPTryFlag.cpp.o -c /share/home/mengxiangyu/lightdockc/build/CMakeFiles/FindOpenMP/OpenMPTryFlag.cpp
Using built-in specs.
COLLECT_GCC=/share/app/gcc/gcc-11.4.0/bin/g++
Target: x86_64-pc-linux-gnu
Configured with: ./configure --prefix=/share/app/gcc/gcc-11.4.0 --enable-languages=c,c++,fortran --disable-multilib
Thread model: posix
Supported LTO compression algorithms: zlib
gcc version 11.4.0 (GCC) 
COLLECT_GCC_OPTIONS='-O2' '-g' '-fpermissive' '-fPIC' '-fopenmp' '-v' '-o' 'CMakeFiles/cmTC_0786b.dir/OpenMPTryFlag.cpp.o' '-c' '-shared-libgcc' '-mtune=generic' '-march=x86-64' '-pthread' '-dumpdir' 'CMakeFiles/cmTC_0786b.dir/'
 /share/app/gcc/gcc-11.4.0/libexec/gcc/x86_64-pc-linux-gnu/11.4.0/cc1plus -quiet -v -D_GNU_SOURCE -D_REENTRANT /share/home/mengxiangyu/lightdockc/build/CMakeFiles/FindOpenMP/OpenMPTryFlag.cpp -quiet -dumpdir CMakeFiles/cmTC_0786b.dir/ -dumpbase OpenMPTryFlag.cpp.cpp -dumpbase-ext .cpp -mtune=generic -march=x86-64 -g -O2 -version -fpermissive -fPIC -fopenmp -o /tmp/ccP9euQx.s
GNU C++17 (GCC) version 11.4.0 (x86_64-pc-linux-gnu)
	compiled by GNU C version 11.4.0, GMP version 6.1.0, MPFR version 3.1.6, MPC version 1.0.3, isl version isl-0.18-GMP

GGC heuristics: --param ggc-min-expand=100 --param ggc-min-heapsize=131072
ignoring nonexistent directory "/share/app/gcc/gcc-11.4.0/lib/gcc/x86_64-pc-linux-gnu/11.4.0/../../../../x86_64-pc-linux-gnu/include"
#include "..." search starts here:
#include <...> search starts here:
 /share/app/gcc/gcc-11.4.0/lib/gcc/x86_64-pc-linux-gnu/11.4.0/../../../../include/c++/11.4.0
 /share/app/gcc/gcc-11.4.0/lib/gcc/x86_64-pc-linux-gnu/11.4.0/../../../../include/c++/11.4.0/x86_64-pc-linux-gnu
 /share/app/gcc/gcc-11.4.0/lib/gcc/x86_64-pc-linux-gnu/11.4.0/../../../../include/c++/11.4.0/backward
 /share/app/gcc/gcc-11.4.0/lib/gcc/x86_64-pc-linux-gnu/11.4.0/include
 /usr/local/include
 /share/app/gcc/gcc-11.4.0/include
 /share/app/gcc/gcc-11.4.0/lib/gcc/x86_64-pc-linux-gnu/11.4.0/include-fixed
 /usr/include
End of search list.
GNU C++17 (GCC) version 11.4.0 (x86_64-pc-linux-gnu)
	compiled by GNU C version 11.4.0, GMP version 6.1.0, MPFR version 3.1.6, MPC version 1.0.3, isl version isl-0.18-GMP

GGC heuristics: --param ggc-min-expand=100 --param ggc-min-heapsize=131072
Compiler executable checksum: 4b0d5f8e94ba695a2a6f35852e3b1fbd
COLLECT_GCC_OPTIONS='-O2' '-g' '-fpermissive' '-fPIC' '-fopenmp' '-v' '-o' 'CMakeFiles/cmTC_0786b.dir/OpenMPTryFlag.cpp.o' '-c' '-shared-libgcc' '-mtune=generic' '-march=x86-64' '-pthread' '-dumpdir' 'CMakeFiles/cmTC_0786b.dir/'
 as -v --64 -o CMakeFiles/cmTC_0786b.dir/OpenMPTryFlag.cpp.o /tmp/ccP9euQx.s
GNU assembler version 2.27 (x86_64-redhat-linux) using BFD version version 2.27-44.base.el7
COMPILER_PATH=/share/app/gcc/gcc-11.4.0/libexec/gcc/x86_64-pc-linux-gnu/11.4.0/:/share/app/gcc/gcc-11.4.0/libexec/gcc/x86_64-pc-linux-gnu/11.4.0/:/share/app/gcc/gcc-11.4.0/libexec/gcc/x86_64-pc-linux-gnu/:/share/app/gcc/gcc-11.4.0/lib/gcc/x86_64-pc-linux-gnu/11.4.0/:/share/app/gcc/gcc-11.4.0/lib/gcc/x86_64-pc-linux-gnu/
LIBRARY_PATH=/share/app/gcc/gcc-11.4.0/lib/gcc/x86_64-pc-linux-gnu/11.4.0/:/share/app/gcc/gcc-11.4.0/lib/gcc/x86_64-pc-linux-gnu/11.4.0/../../../../lib64/:/lib/../lib64/:/usr/lib/../lib64/:/share/app/gcc/gcc-11.4.0/lib/gcc/x86_64-pc-linux-gnu/11.4.0/../../../:/lib/:/usr/lib/
COLLECT_GCC_OPTIONS='-O2' '-g' '-fpermissive' '-fPIC' '-fopenmp' '-v' '-o' 'CMakeFiles/cmTC_0786b.dir/OpenMPTryFlag.cpp.o' '-c' '-shared-libgcc' '-mtune=generic' '-march=x86-64' '-pthread' '-dumpdir' 'CMakeFiles/cmTC_0786b.dir/OpenMPTryFlag.cpp.'
Linking CXX executable cmTC_0786b
/share/home/mengxiangyu/cmake/bin/cmake -E cmake_link_script CMakeFiles/cmTC_0786b.dir/link.txt --verbose=1
/share/app/gcc/gcc-11.4.0/bin/g++  -O2  -g -fpermissive -fPIC   -fopenmp -v    CMakeFiles/cmTC_0786b.dir/OpenMPTryFlag.cpp.o  -o cmTC_0786b  -v 
Using built-in specs.
COLLECT_GCC=/share/app/gcc/gcc-11.4.0/bin/g++
COLLECT_LTO_WRAPPER=/share/app/gcc/gcc-11.4.0/libexec/gcc/x86_64-pc-linux-gnu/11.4.0/lto-wrapper
Target: x86_64-pc-linux-gnu
Configured with: ./configure --prefix=/share/app/gcc/gcc-11.4.0 --enable-languages=c,c++,fortran --disable-multilib
Thread model: posix
Supported LTO compression algorithms: zlib
gcc version 11.4.0 (GCC) 
COMPILER_PATH=/share/app/gcc/gcc-11.4.0/libexec/gcc/x86_64-pc-linux-gnu/11.4.0/:/share/app/gcc/gcc-11.4.0/libexec/gcc/x86_64-pc-linux-gnu/11.4.0/:/share/app/gcc/gcc-11.4.0/libexec/gcc/x86_64-pc-linux-gnu/:/share/app/gcc/gcc-11.4.0/lib/gcc/x86_64-pc-linux-gnu/11.4.0/:/share/app/gcc/gcc-11.4.0/lib/gcc/x86_64-pc-linux-gnu/
LIBRARY_PATH=/share/app/gcc/gcc-11.4.0/lib/gcc/x86_64-pc-linux-gnu/11.4.0/:/share/app/gcc/gcc-11.4.0/lib/gcc/x86_64-pc-linux-gnu/11.4.0/../../../../lib64/:/lib/../lib64/:/usr/lib/../lib64/:/share/app/gcc/gcc-11.4.0/lib/gcc/x86_64-pc-linux-gnu/11.4.0/../../../:/lib/:/usr/lib/
Reading specs from /share/app/gcc/gcc-11.4.0/lib/gcc/x86_64-pc-linux-gnu/11.4.0/../../../../lib64/libgomp.spec
COLLECT_GCC_OPTIONS='-O2' '-g' '-fpermissive' '-fPIC' '-fopenmp' '-v' '-o' 'cmTC_0786b' '-v' '-shared-libgcc' '-mtune=generic' '-march=x86-64' '-pthread' '-dumpdir' 'cmTC_0786b.'
 /share/app/gcc/gcc-11.4.0/libexec/gcc/x86_64-pc-linux-gnu/11.4.0/collect2 -plugin /share/app/gcc/gcc-11.4.0/libexec/gcc/x86_64-pc-linux-gnu/11.4.0/liblto_plugin.so -plugin-opt=/share/app/gcc/gcc-11.4.0/libexec/gcc/x86_64-pc-linux-gnu/11.4.0/lto-wrapper -plugin-opt=-fresolution=/tmp/ccIe0ieJ.res -plugin-opt=-pass-through=-lgcc_s -plugin-opt=-pass-through=-lgcc -plugin-opt=-pass-through=-lpthread -plugin-opt=-pass-through=-lc -plugin-opt=-pass-through=-lgcc_s -plugin-opt=-pass-through=-lgcc --eh-frame-hdr -m elf_x86_64 -dynamic-linker /lib64/ld-linux-x86-64.so.2 -o cmTC_0786b /lib/../lib64/crt1.o /lib/../lib64/crti.o /share/app/gcc/gcc-11.4.0/lib/gcc/x86_64-pc-linux-gnu/11.4.0/crtbegin.o -L/share/app/gcc/gcc-11.4.0/lib/gcc/x86_64-pc-linux-gnu/11.4.0 -L/share/app/gcc/gcc-11.4.0/lib/gcc/x86_64-pc-linux-gnu/11.4.0/../../../../lib64 -L/lib/../lib64 -L/usr/lib/../lib64 -L/share/app/gcc/gcc-11.4.0/lib/gcc/x86_64-pc-linux-gnu/11.4.0/../../.. CMakeFiles/cmTC_0786b.dir/OpenMPTryFlag.cpp.o -lstdc++ -lm -lgomp -lgcc_s -lgcc -lpthread -lc -lgcc_s -lgcc /share/app/gcc/gcc-11.4.0/lib/gcc/x86_64-pc-linux-gnu/11.4.0/crtend.o /lib/../lib64/crtn.o
COLLECT_GCC_OPTIONS='-O2' '-g' '-fpermissive' '-fPIC' '-fopenmp' '-v' '-o' 'cmTC_0786b' '-v' '-shared-libgcc' '-mtune=generic' '-march=x86-64' '-pthread' '-dumpdir' 'cmTC_0786b.'
gmake[1]: Leaving directory `/share/home/mengxiangyu/lightdockc/build/CMakeFiles/CMakeTmp'



Parsed CXX OpenMP implicit link information from above output:
  link line regex: [^( *|.*[/\])(ld|CMAKE_LINK_STARTFILE-NOTFOUND|([^/\]+-)?ld|collect2)[^/\]*( |$)]
  ignore line: [Change Dir: /share/home/mengxiangyu/lightdockc/build/CMakeFiles/CMakeTmp]
  ignore line: []
  ignore line: [Run Build Command(s):/usr/bin/gmake cmTC_0786b/fast && /usr/bin/gmake  -f CMakeFiles/cmTC_0786b.dir/build.make CMakeFiles/cmTC_0786b.dir/build]
  ignore line: [gmake[1]: Entering directory `/share/home/mengxiangyu/lightdockc/build/CMakeFiles/CMakeTmp']
  ignore line: [Building CXX object CMakeFiles/cmTC_0786b.dir/OpenMPTryFlag.cpp.o]
  ignore line: [/share/app/gcc/gcc-11.4.0/bin/g++  -O2  -g -fpermissive -fPIC    -fopenmp -v   -o CMakeFiles/cmTC_0786b.dir/OpenMPTryFlag.cpp.o -c /share/home/mengxiangyu/lightdockc/build/CMakeFiles/FindOpenMP/OpenMPTryFlag.cpp]
  ignore line: [Using built-in specs.]
  ignore line: [COLLECT_GCC=/share/app/gcc/gcc-11.4.0/bin/g++]
  ignore line: [Target: x86_64-pc-linux-gnu]
  ignore line: [Configured with: ./configure --prefix=/share/app/gcc/gcc-11.4.0 --enable-languages=c c++ fortran --disable-multilib]
  ignore line: [Thread model: posix]
  ignore line: [Supported LTO compression algorithms: zlib]
  ignore line: [gcc version 11.4.0 (GCC) ]
  ignore line: [COLLECT_GCC_OPTIONS='-O2' '-g' '-fpermissive' '-fPIC' '-fopenmp' '-v' '-o' 'CMakeFiles/cmTC_0786b.dir/OpenMPTryFlag.cpp.o' '-c' '-shared-libgcc' '-mtune=generic' '-march=x86-64' '-pthread' '-dumpdir' 'CMakeFiles/cmTC_0786b.dir/']
  ignore line: [ /share/app/gcc/gcc-11.4.0/libexec/gcc/x86_64-pc-linux-gnu/11.4.0/cc1plus -quiet -v -D_GNU_SOURCE -D_REENTRANT /share/home/mengxiangyu/lightdockc/build/CMakeFiles/FindOpenMP/OpenMPTryFlag.cpp -quiet -dumpdir CMakeFiles/cmTC_0786b.dir/ -dumpbase OpenMPTryFlag.cpp.cpp -dumpbase-ext .cpp -mtune=generic -march=x86-64 -g -O2 -version -fpermissive -fPIC -fopenmp -o /tmp/ccP9euQx.s]
  ignore line: [GNU C++17 (GCC) version 11.4.0 (x86_64-pc-linux-gnu)]
  ignore line: [	compiled by GNU C version 11.4.0  GMP version 6.1.0  MPFR version 3.1.6  MPC version 1.0.3  isl version isl-0.18-GMP]
  ignore line: []
  ignore line: [GGC heuristics: --param ggc-min-expand=100 --param ggc-min-heapsize=131072]
  ignore line: [ignoring nonexistent directory "/share/app/gcc/gcc-11.4.0/lib/gcc/x86_64-pc-linux-gnu/11.4.0/../../../../x86_64-pc-linux-gnu/include"]
  ignore line: [#include "..." search starts here:]
  ignore line: [#include <...> search starts here:]
  ignore line: [ /share/app/gcc/gcc-11.4.0/lib/gcc/x86_64-pc-linux-gnu/11.4.0/../../../../include/c++/11.4.0]
  ignore line: [ /share/app/gcc/gcc-11.4.0/lib/gcc/x86_64-pc-linux-gnu/11.4.0/../../../../include/c++/11.4.0/x86_64-pc-linux-gnu]
  ignore line: [ /share/app/gcc/gcc-11.4.0/lib/gcc/x86_64-pc-linux-gnu/11.4.0/../../../../include/c++/11.4.0/backward]
  ignore line: [ /share/app/gcc/gcc-11.4.0/lib/gcc/x86_64-pc-linux-gnu/11.4.0/include]
  ignore line: [ /usr/local/include]
  ignore line: [ /share/app/gcc/gcc-11.4.0/include]
  ignore line: [ /share/app/gcc/gcc-11.4.0/lib/gcc/x86_64-pc-linux-gnu/11.4.0/include-fixed]
  ignore line: [ /usr/include]
  ignore line: [End of search list.]
  ignore line: [GNU C++17 (GCC) version 11.4.0 (x86_64-pc-linux-gnu)]
  ignore line: [	compiled by GNU C version 11.4.0  GMP version 6.1.0  MPFR version 3.1.6  MPC version 1.0.3  isl version isl-0.18-GMP]
  ignore line: []
  ignore line: [GGC heuristics: --param ggc-min-expand=100 --param ggc-min-heapsize=131072]
  ignore line: [Compiler executable checksum: 4b0d5f8e94ba695a2a6f35852e3b1fbd]
  ignore line: [COLLECT_GCC_OPTIONS='-O2' '-g' '-fpermissive' '-fPIC' '-fopenmp' '-v' '-o' 'CMakeFiles/cmTC_0786b.dir/OpenMPTryFlag.cpp.o' '-c' '-shared-libgcc' '-mtune=generic' '-march=x86-64' '-pthread' '-dumpdir' 'CMakeFiles/cmTC_0786b.dir/']
  ignore line: [ as -v --64 -o CMakeFiles/cmTC_0786b.dir/OpenMPTryFlag.cpp.o /tmp/ccP9euQx.s]
  ignore line: [GNU assembler version 2.27 (x86_64-redhat-linux) using BFD version version 2.27-44.base.el7]
  ignore line: [COMPILER_PATH=/share/app/gcc/gcc-11.4.0/libexec/gcc/x86_64-pc-linux-gnu/11.4.0/:/share/app/gcc/gcc-11.4.0/libexec/gcc/x86_64-pc-linux-gnu/11.4.0/:/share/app/gcc/gcc-11.4.0/libexec/gcc/x86_64-pc-linux-gnu/:/share/app/gcc/gcc-11.4.0/lib/gcc/x86_64-pc-linux-gnu/11.4.0/:/share/app/gcc/gcc-11.4.0/lib/gcc/x86_64-pc-linux-gnu/]
  ignore line: [LIBRARY_PATH=/share/app/gcc/gcc-11.4.0/lib/gcc/x86_64-pc-linux-gnu/11.4.0/:/share/app/gcc/gcc-11.4.0/lib/gcc/x86_64-pc-linux-gnu/11.4.0/../../../../lib64/:/lib/../lib64/:/usr/lib/../lib64/:/share/app/gcc/gcc-11.4.0/lib/gcc/x86_64-pc-linux-gnu/11.4.0/../../../:/lib/:/usr/lib/]
  ignore line: [COLLECT_GCC_OPTIONS='-O2' '-g' '-fpermissive' '-fPIC' '-fopenmp' '-v' '-o' 'CMakeFiles/cmTC_0786b.dir/OpenMPTryFlag.cpp.o' '-c' '-shared-libgcc' '-mtune=generic' '-march=x86-64' '-pthread' '-dumpdir' 'CMakeFiles/cmTC_0786b.dir/OpenMPTryFlag.cpp.']
  ignore line: [Linking CXX executable cmTC_0786b]
  ignore line: [/share/home/mengxiangyu/cmake/bin/cmake -E cmake_link_script CMakeFiles/cmTC_0786b.dir/link.txt --verbose=1]
  ignore line: [/share/app/gcc/gcc-11.4.0/bin/g++  -O2  -g -fpermissive -fPIC   -fopenmp -v    CMakeFiles/cmTC_0786b.dir/OpenMPTryFlag.cpp.o  -o cmTC_0786b  -v ]
  ignore line: [Using built-in specs.]
  ignore line: [COLLECT_GCC=/share/app/gcc/gcc-11.4.0/bin/g++]
  ignore line: [COLLECT_LTO_WRAPPER=/share/app/gcc/gcc-11.4.0/libexec/gcc/x86_64-pc-linux-gnu/11.4.0/lto-wrapper]
  ignore line: [Target: x86_64-pc-linux-gnu]
  ignore line: [Configured with: ./configure --prefix=/share/app/gcc/gcc-11.4.0 --enable-languages=c c++ fortran --disable-multilib]
  ignore line: [Thread model: posix]
  ignore line: [Supported LTO compression algorithms: zlib]
  ignore line: [gcc version 11.4.0 (GCC) ]
  ignore line: [COMPILER_PATH=/share/app/gcc/gcc-11.4.0/libexec/gcc/x86_64-pc-linux-gnu/11.4.0/:/share/app/gcc/gcc-11.4.0/libexec/gcc/x86_64-pc-linux-gnu/11.4.0/:/share/app/gcc/gcc-11.4.0/libexec/gcc/x86_64-pc-linux-gnu/:/share/app/gcc/gcc-11.4.0/lib/gcc/x86_64-pc-linux-gnu/11.4.0/:/share/app/gcc/gcc-11.4.0/lib/gcc/x86_64-pc-linux-gnu/]
  ignore line: [LIBRARY_PATH=/share/app/gcc/gcc-11.4.0/lib/gcc/x86_64-pc-linux-gnu/11.4.0/:/share/app/gcc/gcc-11.4.0/lib/gcc/x86_64-pc-linux-gnu/11.4.0/../../../../lib64/:/lib/../lib64/:/usr/lib/../lib64/:/share/app/gcc/gcc-11.4.0/lib/gcc/x86_64-pc-linux-gnu/11.4.0/../../../:/lib/:/usr/lib/]
  ignore line: [Reading specs from /share/app/gcc/gcc-11.4.0/lib/gcc/x86_64-pc-linux-gnu/11.4.0/../../../../lib64/libgomp.spec]
  ignore line: [COLLECT_GCC_OPTIONS='-O2' '-g' '-fpermissive' '-fPIC' '-fopenmp' '-v' '-o' 'cmTC_0786b' '-v' '-shared-libgcc' '-mtune=generic' '-march=x86-64' '-pthread' '-dumpdir' 'cmTC_0786b.']
  link line: [ /share/app/gcc/gcc-11.4.0/libexec/gcc/x86_64-pc-linux-gnu/11.4.0/collect2 -plugin /share/app/gcc/gcc-11.4.0/libexec/gcc/x86_64-pc-linux-gnu/11.4.0/liblto_plugin.so -plugin-opt=/share/app/gcc/gcc-11.4.0/libexec/gcc/x86_64-pc-linux-gnu/11.4.0/lto-wrapper -plugin-opt=-fresolution=/tmp/ccIe0ieJ.res -plugin-opt=-pass-through=-lgcc_s -plugin-opt=-pass-through=-lgcc -plugin-opt=-pass-through=-lpthread -plugin-opt=-pass-through=-lc -plugin-opt=-pass-through=-lgcc_s -plugin-opt=-pass-through=-lgcc --eh-frame-hdr -m elf_x86_64 -dynamic-linker /lib64/ld-linux-x86-64.so.2 -o cmTC_0786b /lib/../lib64/crt1.o /lib/../lib64/crti.o /share/app/gcc/gcc-11.4.0/lib/gcc/x86_64-pc-linux-gnu/11.4.0/crtbegin.o -L/share/app/gcc/gcc-11.4.0/lib/gcc/x86_64-pc-linux-gnu/11.4.0 -L/share/app/gcc/gcc-11.4.0/lib/gcc/x86_64-pc-linux-gnu/11.4.0/../../../../lib64 -L/lib/../lib64 -L/usr/lib/../lib64 -L/share/app/gcc/gcc-11.4.0/lib/gcc/x86_64-pc-linux-gnu/11.4.0/../../.. CMakeFiles/cmTC_0786b.dir/OpenMPTryFlag.cpp.o -lstdc++ -lm -lgomp -lgcc_s -lgcc -lpthread -lc -lgcc_s -lgcc /share/app/gcc/gcc-11.4.0/lib/gcc/x86_64-pc-linux-gnu/11.4.0/crtend.o /lib/../lib64/crtn.o]
    arg [/share/app/gcc/gcc-11.4.0/libexec/gcc/x86_64-pc-linux-gnu/11.4.0/collect2] ==> ignore
    arg [-plugin] ==> ignore
    arg [/share/app/gcc/gcc-11.4.0/libexec/gcc/x86_64-pc-linux-gnu/11.4.0/liblto_plugin.so] ==> ignore
    arg [-plugin-opt=/share/app/gcc/gcc-11.4.0/libexec/gcc/x86_64-pc-linux-gnu/11.4.0/lto-wrapper] ==> ignore
    arg [-plugin-opt=-fresolution=/tmp/ccIe0ieJ.res] ==> ignore
    arg [-plugin-opt=-pass-through=-lgcc_s] ==> ignore
    arg [-plugin-opt=-pass-through=-lgcc] ==> ignore
    arg [-plugin-opt=-pass-through=-lpthread] ==> ignore
    arg [-plugin-opt=-pass-through=-lc] ==> ignore
    arg [-plugin-opt=-pass-through=-lgcc_s] ==> ignore
    arg [-plugin-opt=-pass-through=-lgcc] ==> ignore
    arg [--eh-frame-hdr] ==> ignore
    arg [-m] ==> ignore
    arg [elf_x86_64] ==> ignore
    arg [-dynamic-linker] ==> ignore
    arg [/lib64/ld-linux-x86-64.so.2] ==> ignore
    arg [-o] ==> ignore
    arg [cmTC_0786b] ==> ignore
    arg [/lib/../lib64/crt1.o] ==> ignore
    arg [/lib/../lib64/crti.o] ==> ignore
    arg [/share/app/gcc/gcc-11.4.0/lib/gcc/x86_64-pc-linux-gnu/11.4.0/crtbegin.o] ==> ignore
    arg [-L/share/app/gcc/gcc-11.4.0/lib/gcc/x86_64-pc-linux-gnu/11.4.0] ==> dir [/share/app/gcc/gcc-11.4.0/lib/gcc/x86_64-pc-linux-gnu/11.4.0]
    arg [-L/share/app/gcc/gcc-11.4.0/lib/gcc/x86_64-pc-linux-gnu/11.4.0/../../../../lib64] ==> dir [/share/app/gcc/gcc-11.4.0/lib/gcc/x86_64-pc-linux-gnu/11.4.0/../../../../lib64]
    arg [-L/lib/../lib64] ==> dir [/lib/../lib64]
    arg [-L/usr/lib/../lib64] ==> dir [/usr/lib/../lib64]
    arg [-L/share/app/gcc/gcc-11.4.0/lib/gcc/x86_64-pc-linux-gnu/11.4.0/../../..] ==> dir [/share/app/gcc/gcc-11.4.0/lib/gcc/x86_64-pc-linux-gnu/11.4.0/../../..]
    arg [CMakeFiles/cmTC_0786b.dir/OpenMPTryFlag.cpp.o] ==> ignore
    arg [-lstdc++] ==> lib [stdc++]
    arg [-lm] ==> lib [m]
    arg [-lgomp] ==> lib [gomp]
    arg [-lgcc_s] ==> lib [gcc_s]
    arg [-lgcc] ==> lib [gcc]
    arg [-lpthread] ==> lib [pthread]
    arg [-lc] ==> lib [c]
    arg [-lgcc_s] ==> lib [gcc_s]
    arg [-lgcc] ==> lib [gcc]
    arg [/share/app/gcc/gcc-11.4.0/lib/gcc/x86_64-pc-linux-gnu/11.4.0/crtend.o] ==> ignore
    arg [/lib/../lib64/crtn.o] ==> ignore
  collapse library dir [/share/app/gcc/gcc-11.4.0/lib/gcc/x86_64-pc-linux-gnu/11.4.0] ==> [/share/app/gcc/gcc-11.4.0/lib/gcc/x86_64-pc-linux-gnu/11.4.0]
  collapse library dir [/share/app/gcc/gcc-11.4.0/lib/gcc/x86_64-pc-linux-gnu/11.4.0/../../../../lib64] ==> [/share/app/gcc/gcc-11.4.0/lib64]
  collapse library dir [/lib/../lib64] ==> [/lib64]
  collapse library dir [/usr/lib/../lib64] ==> [/usr/lib64]
  collapse library dir [/share/app/gcc/gcc-11.4.0/lib/gcc/x86_64-pc-linux-gnu/11.4.0/../../..] ==> [/share/app/gcc/gcc-11.4.0/lib]
  implicit libs: [stdc++;m;gomp;gcc_s;gcc;pthread;c;gcc_s;gcc]
  implicit dirs: [/share/app/gcc/gcc-11.4.0/lib/gcc/x86_64-pc-linux-gnu/11.4.0;/share/app/gcc/gcc-11.4.0/lib64;/lib64;/usr/lib64;/share/app/gcc/gcc-11.4.0/lib]
  implicit fwks: []


